#
# There is insufficient memory for the Java Runtime Environment to continue.
# Native memory allocation (mmap) failed to map 57671680 bytes for Failed to commit area from 0x0000000091200000 to 0x0000000094900000 of length 57671680.
# Possible reasons:
#   The system is out of physical RAM or swap space
#   The process is running with CompressedOops enabled, and the Java Heap may be blocking the growth of the native heap
# Possible solutions:
#   Reduce memory load on the system
#   Increase physical memory or swap space
#   Check if swap backing store is full
#   Decrease Java heap size (-Xmx/-Xms)
#   Decrease number of Java threads
#   Decrease Java thread stack sizes (-Xss)
#   Set larger code cache with -XX:ReservedCodeCacheSize=
#   JVM is running with Unscaled Compressed Oops mode in which the Java heap is
#     placed in the first 4GB address space. The Java Heap base address is the
#     maximum limit for the native heap growth. Please use -XX:HeapBaseMinAddress
#     to set the Java Heap base and to place the Java Heap above 4GB virtual address.
# This output file may be truncated or incomplete.
#
#  Out of Memory Error (./src/hotspot/os/windows/os_windows.cpp:3301), pid=12712, tid=11244
#
# JRE version: OpenJDK Runtime Environment (11.0.10) (build 11.0.10+0-b96-7249189)
# Java VM: OpenJDK 64-Bit Server VM (11.0.10+0-b96-7249189, mixed mode, tiered, compressed oops, g1 gc, windows-amd64)
# No core dump will be written. Minidumps are not enabled by default on client versions of Windows
#

---------------  S U M M A R Y ------------

Command Line: --add-opens=java.base/java.util=ALL-UNNAMED --add-opens=java.base/java.lang=ALL-UNNAMED --add-opens=java.base/java.lang.invoke=ALL-UNNAMED --add-opens=java.base/java.util=ALL-UNNAMED --add-opens=java.prefs/java.util.prefs=ALL-UNNAMED --add-opens=java.prefs/java.util.prefs=ALL-UNNAMED --add-opens=java.base/java.nio.charset=ALL-UNNAMED --add-opens=java.base/java.net=ALL-UNNAMED --add-opens=java.base/java.util.concurrent.atomic=ALL-UNNAMED -Xmx2048m -Dfile.encoding=UTF-8 -Duser.country=GB -Duser.language=en -Duser.variant org.gradle.launcher.daemon.bootstrap.GradleDaemon 7.0.2

Host: Intel(R) Core(TM) i5-2410M CPU @ 2.30GHz, 4 cores, 9G,  Windows 10 , 64 bit Build 19041 (10.0.19041.1348)
Time: Fri Jan 14 05:42:31 2022 SE Asia Standard Time elapsed time: 171.098848 seconds (0d 0h 2m 51s)

---------------  T H R E A D  ---------------

Current thread (0x000001d5623aa000):  VMThread "VM Thread" [stack: 0x000000ab3a800000,0x000000ab3a900000] [id=11244]

Stack: [0x000000ab3a800000,0x000000ab3a900000]
[error occurred during error reporting (printing stack bounds), id 0xc0000005, EXCEPTION_ACCESS_VIOLATION (0xc0000005) at pc=0x000001d54bb30f2d]

Native frames: (J=compiled Java code, j=interpreted, Vv=VM code, C=native code)
V  [jvm.dll+0x5ecfaa]
V  [jvm.dll+0x722bd5]
V  [jvm.dll+0x72412d]
V  [jvm.dll+0x724745]
V  [jvm.dll+0x7246fb]
V  [jvm.dll+0x5ec348]
V  [jvm.dll+0x5ecad8]
C  [ntdll.dll+0xa20cf]
C  [ntdll.dll+0x51454]
C  [ntdll.dll+0xa0bfe]
C  0x000001d54bb30f2d

VM_Operation (0x000000ab3d0f9b10): G1CollectForAllocation, mode: safepoint, requested by thread 0x000001d56620f800


---------------  P R O C E S S  ---------------

Threads class SMR info:
_java_thread_list=0x000001d5663cc750, length=56, elements={
0x000001d546854800, 0x000001d5623b1800, 0x000001d5623b4800, 0x000001d5623bf000,
0x000001d5623c9000, 0x000001d5623ce000, 0x000001d5623d0000, 0x000001d5623d4000,
0x000001d562d27800, 0x000001d562e81800, 0x000001d5633d9800, 0x000001d564e80000,
0x000001d5641b0000, 0x000001d565792000, 0x000001d563a71000, 0x000001d56563d800,
0x000001d5645bf800, 0x000001d563b4c800, 0x000001d564661000, 0x000001d564662000,
0x000001d564660800, 0x000001d56465c800, 0x000001d56465f800, 0x000001d56465e000,
0x000001d56465e800, 0x000001d564663000, 0x000001d56465d000, 0x000001d566211000,
0x000001d56620c000, 0x000001d566210000, 0x000001d56620d000, 0x000001d56620d800,
0x000001d566214800, 0x000001d566213800, 0x000001d566215000, 0x000001d566212000,
0x000001d56620f800, 0x000001d566216000, 0x000001d566216800, 0x000001d566217800,
0x000001d566218800, 0x000001d566219000, 0x000001d56621a000, 0x000001d569ae7800,
0x000001d569ae8800, 0x000001d569aec800, 0x000001d569aef000, 0x000001d569ae9000,
0x000001d569aeb000, 0x000001d569aeb800, 0x000001d569aed800, 0x000001d569aea000,
0x000001d569af2000, 0x000001d569af3000, 0x000001d569aef800, 0x000001d569338000
}

Java Threads: ( => current thread )
  0x000001d546854800 JavaThread "main" [_thread_blocked, id=8240, stack(0x000000ab3a200000,0x000000ab3a300000)]
  0x000001d5623b1800 JavaThread "Reference Handler" daemon [_thread_blocked, id=12664, stack(0x000000ab3a900000,0x000000ab3aa00000)]
  0x000001d5623b4800 JavaThread "Finalizer" daemon [_thread_blocked, id=3612, stack(0x000000ab3aa00000,0x000000ab3ab00000)]
  0x000001d5623bf000 JavaThread "Signal Dispatcher" daemon [_thread_blocked, id=10068, stack(0x000000ab3ab00000,0x000000ab3ac00000)]
  0x000001d5623c9000 JavaThread "Attach Listener" daemon [_thread_blocked, id=6848, stack(0x000000ab3ac00000,0x000000ab3ad00000)]
  0x000001d5623ce000 JavaThread "Service Thread" daemon [_thread_blocked, id=5224, stack(0x000000ab3ad00000,0x000000ab3ae00000)]
  0x000001d5623d0000 JavaThread "C2 CompilerThread0" daemon [_thread_in_native, id=11824, stack(0x000000ab3ae00000,0x000000ab3af00000)]
  0x000001d5623d4000 JavaThread "C1 CompilerThread0" daemon [_thread_blocked, id=12660, stack(0x000000ab3af00000,0x000000ab3b000000)]
  0x000001d562d27800 JavaThread "Sweeper thread" daemon [_thread_blocked, id=4844, stack(0x000000ab3b000000,0x000000ab3b100000)]
  0x000001d562e81800 JavaThread "Common-Cleaner" daemon [_thread_blocked, id=2544, stack(0x000000ab3b100000,0x000000ab3b200000)]
  0x000001d5633d9800 JavaThread "Daemon health stats" [_thread_blocked, id=8216, stack(0x000000ab3b500000,0x000000ab3b600000)]
  0x000001d564e80000 JavaThread "Incoming local TCP Connector on port 54314" [_thread_in_native, id=10428, stack(0x000000ab3a000000,0x000000ab3a100000)]
  0x000001d5641b0000 JavaThread "Daemon periodic checks" [_thread_blocked, id=1320, stack(0x000000ab3b600000,0x000000ab3b700000)]
  0x000001d565792000 JavaThread "Daemon" [_thread_blocked, id=5932, stack(0x000000ab3b700000,0x000000ab3b800000)]
  0x000001d563a71000 JavaThread "Handler for socket connection from /127.0.0.1:54314 to /127.0.0.1:54315" [_thread_in_native, id=7052, stack(0x000000ab3b800000,0x000000ab3b900000)]
  0x000001d56563d800 JavaThread "Cancel handler" [_thread_blocked, id=3664, stack(0x000000ab3b900000,0x000000ab3ba00000)]
  0x000001d5645bf800 JavaThread "Daemon worker" [_thread_blocked, id=9328, stack(0x000000ab3ba00000,0x000000ab3bb00000)]
  0x000001d563b4c800 JavaThread "Asynchronous log dispatcher for DefaultDaemonConnection: socket connection from /127.0.0.1:54314 to /127.0.0.1:54315" [_thread_blocked, id=4028, stack(0x000000ab3bb00000,0x000000ab3bc00000)]
  0x000001d564661000 JavaThread "Daemon client event forwarder" [_thread_blocked, id=12980, stack(0x000000ab3bd00000,0x000000ab3be00000)]
  0x000001d564662000 JavaThread "Cache worker for file hash cache (C:\Users\Eddo Yulianda\.gradle\caches\7.0.2\fileHashes)" [_thread_blocked, id=10540, stack(0x000000ab3bf00000,0x000000ab3c000000)]
  0x000001d564660800 JavaThread "File lock request listener" [_thread_in_native, id=3124, stack(0x000000ab3c000000,0x000000ab3c100000)]
  0x000001d56465c800 JavaThread "Cache worker for journal cache (C:\Users\Eddo Yulianda\.gradle\caches\journal-1)" [_thread_blocked, id=9804, stack(0x000000ab3c100000,0x000000ab3c200000)]
  0x000001d56465f800 JavaThread "Cache worker for file hash cache (C:\Users\Eddo Yulianda\AndroidStudioProjects\UASMI3BEddoYulianda\.gradle\7.0.2\fileHashes)" [_thread_blocked, id=10568, stack(0x000000ab3c300000,0x000000ab3c400000)]
  0x000001d56465e000 JavaThread "File watcher server" daemon [_thread_blocked, id=3444, stack(0x000000ab3c200000,0x000000ab3c300000)]
  0x000001d56465e800 JavaThread "File watcher consumer" daemon [_thread_blocked, id=6660, stack(0x000000ab3c400000,0x000000ab3c500000)]
  0x000001d564663000 JavaThread "Cache worker for checksums cache (C:\Users\Eddo Yulianda\AndroidStudioProjects\UASMI3BEddoYulianda\.gradle\checksums)" [_thread_blocked, id=10768, stack(0x000000ab3c500000,0x000000ab3c600000)]
  0x000001d56465d000 JavaThread "Cache worker for cache directory md-supplier (C:\Users\Eddo Yulianda\.gradle\caches\7.0.2\md-supplier)" [_thread_blocked, id=10828, stack(0x000000ab3c600000,0x000000ab3c700000)]
  0x000001d566211000 JavaThread "Cache worker for cache directory md-rule (C:\Users\Eddo Yulianda\.gradle\caches\7.0.2\md-rule)" [_thread_blocked, id=1644, stack(0x000000ab3c700000,0x000000ab3c800000)]
  0x000001d56620c000 JavaThread "Cache worker for execution history cache (C:\Users\Eddo Yulianda\.gradle\caches\7.0.2\executionHistory)" [_thread_blocked, id=3788, stack(0x000000ab3c900000,0x000000ab3ca00000)]
  0x000001d566210000 JavaThread "jar transforms" [_thread_blocked, id=11016, stack(0x000000ab3ca00000,0x000000ab3cb00000)]
  0x000001d56620d000 JavaThread "jar transforms Thread 2" [_thread_blocked, id=10416, stack(0x000000ab3cb00000,0x000000ab3cc00000)]
  0x000001d56620d800 JavaThread "Cache worker for file content cache (C:\Users\Eddo Yulianda\.gradle\caches\7.0.2\fileContent)" [_thread_blocked, id=6880, stack(0x000000ab3cc00000,0x000000ab3cd00000)]
  0x000001d566214800 JavaThread "Cache worker for dependencies-accessors (C:\Users\Eddo Yulianda\AndroidStudioProjects\UASMI3BEddoYulianda\.gradle\7.0.2\dependencies-accessors)" [_thread_blocked, id=692, stack(0x000000ab3cd00000,0x000000ab3ce00000)]
  0x000001d566213800 JavaThread "jar transforms Thread 3" [_thread_blocked, id=10816, stack(0x000000ab3ce00000,0x000000ab3cf00000)]
  0x000001d566215000 JavaThread "Cache worker for Build Output Cleanup Cache (C:\Users\Eddo Yulianda\AndroidStudioProjects\UASMI3BEddoYulianda\.gradle\buildOutputCleanup)" [_thread_blocked, id=6140, stack(0x000000ab3c800000,0x000000ab3c900000)]
  0x000001d566212000 JavaThread "Build operations" [_thread_blocked, id=11188, stack(0x000000ab3cf00000,0x000000ab3d000000)]
  0x000001d56620f800 JavaThread "Build operations Thread 2" [_thread_blocked, id=12468, stack(0x000000ab3d000000,0x000000ab3d100000)]
  0x000001d566216000 JavaThread "Build operations Thread 3" [_thread_blocked, id=5872, stack(0x000000ab3d100000,0x000000ab3d200000)]
  0x000001d566216800 JavaThread "Build operations Thread 4" [_thread_blocked, id=4372, stack(0x000000ab3d200000,0x000000ab3d300000)]
  0x000001d566217800 JavaThread "jar transforms Thread 4" [_thread_blocked, id=3764, stack(0x000000ab3d400000,0x000000ab3d500000)]
  0x000001d566218800 JavaThread "Memory manager" [_thread_blocked, id=11692, stack(0x000000ab3d700000,0x000000ab3d800000)]
  0x000001d566219000 JavaThread "build event listener" [_thread_blocked, id=10452, stack(0x000000ab3d800000,0x000000ab3d900000)]
  0x000001d56621a000 JavaThread "Execution worker for ':'" [_thread_blocked, id=2468, stack(0x000000ab3d900000,0x000000ab3da00000)]
  0x000001d569ae7800 JavaThread "Execution worker for ':' Thread 2" [_thread_blocked, id=11900, stack(0x000000ab3da00000,0x000000ab3db00000)]
  0x000001d569ae8800 JavaThread "Execution worker for ':' Thread 3" [_thread_blocked, id=10156, stack(0x000000ab3db00000,0x000000ab3dc00000)]
  0x000001d569aec800 JavaThread "Cache worker for execution history cache (C:\Users\Eddo Yulianda\AndroidStudioProjects\UASMI3BEddoYulianda\.gradle\7.0.2\executionHistory)" [_thread_blocked, id=12360, stack(0x000000ab3dc00000,0x000000ab3dd00000)]
  0x000001d569aef000 JavaThread "WorkerExecutor Queue Thread 2" [_thread_blocked, id=5212, stack(0x000000ab3de00000,0x000000ab3df00000)]
  0x000001d569ae9000 JavaThread "WorkerExecutor Queue Thread 3" [_thread_blocked, id=7208, stack(0x000000ab3df00000,0x000000ab3e000000)]
  0x000001d569aeb000 JavaThread "WorkerExecutor Queue Thread 4" [_thread_blocked, id=12492, stack(0x000000ab3a100000,0x000000ab3a200000)]
  0x000001d569aeb800 JavaThread "WorkerExecutor Queue Thread 5" [_thread_blocked, id=6692, stack(0x000000ab3d600000,0x000000ab3d700000)]
  0x000001d569aed800 JavaThread "pool-3-thread-1" [_thread_blocked, id=8588, stack(0x000000ab39f00000,0x000000ab3a000000)]
  0x000001d569aea000 JavaThread "stderr" [_thread_in_native, id=13212, stack(0x000000ab3bc00000,0x000000ab3bd00000)]
  0x000001d569af2000 JavaThread "stdout" [_thread_in_native, id=8808, stack(0x000000ab3dd00000,0x000000ab3de00000)]
  0x000001d569af3000 JavaThread "stderr" [_thread_in_native, id=8884, stack(0x000000ab3e000000,0x000000ab3e100000)]
  0x000001d569aef800 JavaThread "stdout" [_thread_in_native, id=13084, stack(0x000000ab3e100000,0x000000ab3e200000)]
  0x000001d569338000 JavaThread "C2 CompilerThread1" daemon [_thread_in_native, id=13072, stack(0x000000ab3e200000,0x000000ab3e300000)]

Other Threads:
=>0x000001d5623aa000 VMThread "VM Thread" [stack: 0x000000ab3a800000,0x000000ab3a900000] [id=11244]
  0x000001d562e89000 WatcherThread [stack: 0x000000ab3b200000,0x000000ab3b300000] [id=3240]
  0x000001d54686b000 GCTaskThread "GC Thread#0" [stack: 0x000000ab3a300000,0x000000ab3a400000] [id=8944]
  0x000001d5632bb800 GCTaskThread "GC Thread#1" [stack: 0x000000ab3b300000,0x000000ab3b400000] [id=6516]
  0x000001d562f7d800 GCTaskThread "GC Thread#2" [stack: 0x000000ab3b400000,0x000000ab3b500000] [id=9980]
  0x000001d5653c2800 GCTaskThread "GC Thread#3" [stack: 0x000000ab3be00000,0x000000ab3bf00000] [id=13012]
  0x000001d54689e800 ConcurrentGCThread "G1 Main Marker" [stack: 0x000000ab3a400000,0x000000ab3a500000] [id=1956]
  0x000001d54689f800 ConcurrentGCThread "G1 Conc#0" [stack: 0x000000ab3a500000,0x000000ab3a600000] [id=5096]
  0x000001d5621f8800 ConcurrentGCThread "G1 Refine#0" [stack: 0x000000ab3a600000,0x000000ab3a700000] [id=6220]
  0x000001d5621f9000 ConcurrentGCThread "G1 Young RemSet Sampling" [stack: 0x000000ab3a700000,0x000000ab3a800000] [id=2148]

Threads with active compile tasks:
C2 CompilerThread0 171148 20481       4       com.android.tools.r8.ir.regalloc.a::i (620 bytes)
C2 CompilerThread1 171149 20497 %     4       com.android.tools.r8.internal.Me::a @ 797 (3140 bytes)

VM state:at safepoint (normal execution)

VM Mutex/Monitor currently owned by a thread:  ([mutex/lock_event])
[0x000001d54684fe80] Threads_lock - owner thread: 0x000001d5623aa000
[0x000001d546850ae0] Heap_lock - owner thread: 0x000001d56620f800

Heap address: 0x0000000080000000, size: 2048 MB, Compressed Oops mode: 32-bit
Narrow klass base: 0x0000000000000000, Narrow klass shift: 3
Compressed class space size: 1073741824 Address: 0x0000000100000000

Heap:
 garbage-first heap   total 336896K, used 153843K [0x0000000080000000, 0x0000000100000000)
  region size 1024K, 3 young (3072K), 3 survivors (3072K)
 Metaspace       used 110085K, capacity 112969K, committed 113228K, reserved 1146880K
  class space    used 13780K, capacity 14873K, committed 14976K, reserved 1048576K
Heap Regions: E=young(eden), S=young(survivor), O=old, HS=humongous(starts), HC=humongous(continues), CS=collection set, F=free, A=archive, TAMS=top-at-mark-start (previous, next)
|   0|0x0000000080000000, 0x0000000080100000, 0x0000000080100000|100%|HS|  |TAMS 0x0000000080100000, 0x0000000080000000| Complete 
|   1|0x0000000080100000, 0x0000000080200000, 0x0000000080200000|100%|HC|  |TAMS 0x0000000080200000, 0x0000000080100000| Complete 
|   2|0x0000000080200000, 0x0000000080300000, 0x0000000080300000|100%|HC|  |TAMS 0x0000000080300000, 0x0000000080200000| Complete 
|   3|0x0000000080300000, 0x0000000080400000, 0x0000000080400000|100%| O|  |TAMS 0x0000000080400000, 0x0000000080300000| Untracked 
|   4|0x0000000080400000, 0x0000000080500000, 0x0000000080500000|100%| O|  |TAMS 0x0000000080500000, 0x0000000080400000| Untracked 
|   5|0x0000000080500000, 0x0000000080600000, 0x0000000080600000|100%| O|  |TAMS 0x0000000080600000, 0x0000000080500000| Untracked 
|   6|0x0000000080600000, 0x0000000080700000, 0x0000000080700000|100%| O|  |TAMS 0x0000000080700000, 0x0000000080600000| Untracked 
|   7|0x0000000080700000, 0x0000000080800000, 0x0000000080800000|100%| O|  |TAMS 0x0000000080800000, 0x0000000080700000| Untracked 
|   8|0x0000000080800000, 0x0000000080900000, 0x0000000080900000|100%| O|  |TAMS 0x0000000080900000, 0x0000000080800000| Untracked 
|   9|0x0000000080900000, 0x0000000080a00000, 0x0000000080a00000|100%| O|  |TAMS 0x0000000080a00000, 0x0000000080900000| Untracked 
|  10|0x0000000080a00000, 0x0000000080b00000, 0x0000000080b00000|100%| O|  |TAMS 0x0000000080b00000, 0x0000000080a00000| Untracked 
|  11|0x0000000080b00000, 0x0000000080c00000, 0x0000000080c00000|100%| O|  |TAMS 0x0000000080c00000, 0x0000000080b00000| Untracked 
|  12|0x0000000080c00000, 0x0000000080d00000, 0x0000000080d00000|100%| O|  |TAMS 0x0000000080d00000, 0x0000000080c00000| Untracked 
|  13|0x0000000080d00000, 0x0000000080e00000, 0x0000000080e00000|100%| O|  |TAMS 0x0000000080e00000, 0x0000000080d00000| Untracked 
|  14|0x0000000080e00000, 0x0000000080f00000, 0x0000000080f00000|100%| O|  |TAMS 0x0000000080f00000, 0x0000000080e00000| Untracked 
|  15|0x0000000080f00000, 0x0000000081000000, 0x0000000081000000|100%| O|  |TAMS 0x0000000081000000, 0x0000000080f00000| Untracked 
|  16|0x0000000081000000, 0x0000000081100000, 0x0000000081100000|100%| O|  |TAMS 0x0000000081100000, 0x0000000081000000| Untracked 
|  17|0x0000000081100000, 0x0000000081200000, 0x0000000081200000|100%|HS|  |TAMS 0x0000000081200000, 0x0000000081100000| Complete 
|  18|0x0000000081200000, 0x0000000081300000, 0x0000000081300000|100%|HS|  |TAMS 0x0000000081300000, 0x0000000081200000| Complete 
|  19|0x0000000081300000, 0x0000000081400000, 0x0000000081400000|100%| O|  |TAMS 0x0000000081400000, 0x0000000081300000| Untracked 
|  20|0x0000000081400000, 0x0000000081500000, 0x0000000081500000|100%| O|  |TAMS 0x0000000081500000, 0x0000000081400000| Untracked 
|  21|0x0000000081500000, 0x0000000081600000, 0x0000000081600000|100%| O|  |TAMS 0x0000000081600000, 0x0000000081500000| Untracked 
|  22|0x0000000081600000, 0x0000000081700000, 0x0000000081700000|100%| O|  |TAMS 0x0000000081700000, 0x0000000081600000| Untracked 
|  23|0x0000000081700000, 0x0000000081800000, 0x0000000081800000|100%| O|  |TAMS 0x0000000081800000, 0x0000000081700000| Untracked 
|  24|0x0000000081800000, 0x0000000081900000, 0x0000000081900000|100%| O|  |TAMS 0x0000000081900000, 0x0000000081800000| Untracked 
|  25|0x0000000081900000, 0x0000000081a00000, 0x0000000081a00000|100%|HS|  |TAMS 0x0000000081a00000, 0x0000000081900000| Complete 
|  26|0x0000000081a00000, 0x0000000081b00000, 0x0000000081b00000|100%|HC|  |TAMS 0x0000000081b00000, 0x0000000081a00000| Complete 
|  27|0x0000000081b00000, 0x0000000081c00000, 0x0000000081c00000|100%| O|  |TAMS 0x0000000081c00000, 0x0000000081b00000| Untracked 
|  28|0x0000000081c00000, 0x0000000081d00000, 0x0000000081d00000|100%| O|  |TAMS 0x0000000081d00000, 0x0000000081c00000| Untracked 
|  29|0x0000000081d00000, 0x0000000081e00000, 0x0000000081e00000|100%| O|  |TAMS 0x0000000081e00000, 0x0000000081d00000| Untracked 
|  30|0x0000000081e00000, 0x0000000081f00000, 0x0000000081f00000|100%| O|  |TAMS 0x0000000081f00000, 0x0000000081e00000| Untracked 
|  31|0x0000000081f00000, 0x0000000082000000, 0x0000000082000000|100%| O|  |TAMS 0x0000000082000000, 0x0000000081f00000| Untracked 
|  32|0x0000000082000000, 0x0000000082100000, 0x0000000082100000|100%| O|  |TAMS 0x0000000082100000, 0x0000000082000000| Untracked 
|  33|0x0000000082100000, 0x0000000082200000, 0x0000000082200000|100%| O|  |TAMS 0x0000000082200000, 0x0000000082100000| Untracked 
|  34|0x0000000082200000, 0x0000000082300000, 0x0000000082300000|100%| O|  |TAMS 0x0000000082300000, 0x0000000082200000| Untracked 
|  35|0x0000000082300000, 0x0000000082400000, 0x0000000082400000|100%| O|  |TAMS 0x0000000082400000, 0x0000000082300000| Untracked 
|  36|0x0000000082400000, 0x0000000082500000, 0x0000000082500000|100%| O|  |TAMS 0x0000000082500000, 0x0000000082400000| Untracked 
|  37|0x0000000082500000, 0x0000000082600000, 0x0000000082600000|100%| O|  |TAMS 0x0000000082600000, 0x0000000082500000| Untracked 
|  38|0x0000000082600000, 0x0000000082700000, 0x0000000082700000|100%| O|  |TAMS 0x0000000082700000, 0x0000000082600000| Untracked 
|  39|0x0000000082700000, 0x0000000082800000, 0x0000000082800000|100%| O|  |TAMS 0x0000000082800000, 0x0000000082700000| Untracked 
|  40|0x0000000082800000, 0x0000000082900000, 0x0000000082900000|100%| O|  |TAMS 0x0000000082900000, 0x0000000082800000| Untracked 
|  41|0x0000000082900000, 0x0000000082a00000, 0x0000000082a00000|100%| O|  |TAMS 0x0000000082a00000, 0x0000000082900000| Untracked 
|  42|0x0000000082a00000, 0x0000000082b00000, 0x0000000082b00000|100%| O|  |TAMS 0x0000000082b00000, 0x0000000082a00000| Untracked 
|  43|0x0000000082b00000, 0x0000000082c00000, 0x0000000082c00000|100%| O|  |TAMS 0x0000000082c00000, 0x0000000082b00000| Untracked 
|  44|0x0000000082c00000, 0x0000000082d00000, 0x0000000082d00000|100%| O|  |TAMS 0x0000000082d00000, 0x0000000082c00000| Untracked 
|  45|0x0000000082d00000, 0x0000000082e00000, 0x0000000082e00000|100%| O|  |TAMS 0x0000000082e00000, 0x0000000082d00000| Untracked 
|  46|0x0000000082e00000, 0x0000000082f00000, 0x0000000082f00000|100%| O|  |TAMS 0x0000000082f00000, 0x0000000082e00000| Untracked 
|  47|0x0000000082f00000, 0x0000000083000000, 0x0000000083000000|100%| O|  |TAMS 0x0000000083000000, 0x0000000082f00000| Untracked 
|  48|0x0000000083000000, 0x0000000083100000, 0x0000000083100000|100%| O|  |TAMS 0x0000000083100000, 0x0000000083000000| Untracked 
|  49|0x0000000083100000, 0x0000000083200000, 0x0000000083200000|100%| O|  |TAMS 0x0000000083200000, 0x0000000083100000| Untracked 
|  50|0x0000000083200000, 0x0000000083300000, 0x0000000083300000|100%| O|  |TAMS 0x0000000083300000, 0x0000000083200000| Untracked 
|  51|0x0000000083300000, 0x0000000083400000, 0x0000000083400000|100%| O|  |TAMS 0x0000000083400000, 0x0000000083300000| Untracked 
|  52|0x0000000083400000, 0x0000000083500000, 0x0000000083500000|100%| O|  |TAMS 0x0000000083500000, 0x0000000083400000| Untracked 
|  53|0x0000000083500000, 0x0000000083600000, 0x0000000083600000|100%| O|  |TAMS 0x0000000083600000, 0x0000000083500000| Untracked 
|  54|0x0000000083600000, 0x0000000083700000, 0x0000000083700000|100%| O|  |TAMS 0x0000000083700000, 0x0000000083600000| Untracked 
|  55|0x0000000083700000, 0x0000000083800000, 0x0000000083800000|100%| O|  |TAMS 0x0000000083800000, 0x0000000083700000| Untracked 
|  56|0x0000000083800000, 0x0000000083900000, 0x0000000083900000|100%| O|  |TAMS 0x0000000083900000, 0x0000000083800000| Untracked 
|  57|0x0000000083900000, 0x0000000083a00000, 0x0000000083a00000|100%| O|  |TAMS 0x0000000083a00000, 0x0000000083900000| Untracked 
|  58|0x0000000083a00000, 0x0000000083b00000, 0x0000000083b00000|100%| O|  |TAMS 0x0000000083b00000, 0x0000000083a00000| Untracked 
|  59|0x0000000083b00000, 0x0000000083c00000, 0x0000000083c00000|100%| O|  |TAMS 0x0000000083c00000, 0x0000000083b00000| Untracked 
|  60|0x0000000083c00000, 0x0000000083d00000, 0x0000000083d00000|100%| O|  |TAMS 0x0000000083d00000, 0x0000000083c00000| Untracked 
|  61|0x0000000083d00000, 0x0000000083e00000, 0x0000000083e00000|100%| O|  |TAMS 0x0000000083e00000, 0x0000000083d00000| Untracked 
|  62|0x0000000083e00000, 0x0000000083f00000, 0x0000000083f00000|100%| O|  |TAMS 0x0000000083f00000, 0x0000000083e00000| Untracked 
|  63|0x0000000083f00000, 0x0000000084000000, 0x0000000084000000|100%| O|  |TAMS 0x0000000084000000, 0x0000000083f00000| Untracked 
|  64|0x0000000084000000, 0x0000000084100000, 0x0000000084100000|100%| O|  |TAMS 0x0000000084100000, 0x0000000084000000| Untracked 
|  65|0x0000000084100000, 0x0000000084200000, 0x0000000084200000|100%| O|  |TAMS 0x0000000084200000, 0x0000000084100000| Untracked 
|  66|0x0000000084200000, 0x0000000084300000, 0x0000000084300000|100%| O|  |TAMS 0x0000000084300000, 0x0000000084200000| Untracked 
|  67|0x0000000084300000, 0x0000000084400000, 0x0000000084400000|100%| O|  |TAMS 0x0000000084400000, 0x0000000084300000| Untracked 
|  68|0x0000000084400000, 0x0000000084500000, 0x0000000084500000|100%| O|  |TAMS 0x0000000084500000, 0x0000000084400000| Untracked 
|  69|0x0000000084500000, 0x0000000084600000, 0x0000000084600000|100%| O|  |TAMS 0x0000000084600000, 0x0000000084500000| Untracked 
|  70|0x0000000084600000, 0x0000000084700000, 0x0000000084700000|100%| O|  |TAMS 0x0000000084700000, 0x0000000084600000| Untracked 
|  71|0x0000000084700000, 0x0000000084800000, 0x0000000084800000|100%| O|  |TAMS 0x0000000084800000, 0x0000000084700000| Untracked 
|  72|0x0000000084800000, 0x0000000084900000, 0x0000000084900000|100%| O|  |TAMS 0x0000000084900000, 0x0000000084800000| Untracked 
|  73|0x0000000084900000, 0x0000000084a00000, 0x0000000084a00000|100%| O|  |TAMS 0x0000000084a00000, 0x0000000084900000| Untracked 
|  74|0x0000000084a00000, 0x0000000084b00000, 0x0000000084b00000|100%| O|  |TAMS 0x0000000084b00000, 0x0000000084a00000| Untracked 
|  75|0x0000000084b00000, 0x0000000084c00000, 0x0000000084c00000|100%| O|  |TAMS 0x0000000084c00000, 0x0000000084b00000| Untracked 
|  76|0x0000000084c00000, 0x0000000084d00000, 0x0000000084d00000|100%| O|  |TAMS 0x0000000084d00000, 0x0000000084c00000| Untracked 
|  77|0x0000000084d00000, 0x0000000084e00000, 0x0000000084e00000|100%| O|  |TAMS 0x0000000084e00000, 0x0000000084d00000| Untracked 
|  78|0x0000000084e00000, 0x0000000084f00000, 0x0000000084f00000|100%| O|  |TAMS 0x0000000084f00000, 0x0000000084e00000| Untracked 
|  79|0x0000000084f00000, 0x0000000085000000, 0x0000000085000000|100%| O|  |TAMS 0x0000000085000000, 0x0000000084f00000| Untracked 
|  80|0x0000000085000000, 0x0000000085100000, 0x0000000085100000|100%| O|  |TAMS 0x0000000085100000, 0x0000000085000000| Untracked 
|  81|0x0000000085100000, 0x0000000085200000, 0x0000000085200000|100%| O|  |TAMS 0x0000000085200000, 0x0000000085100000| Untracked 
|  82|0x0000000085200000, 0x0000000085300000, 0x0000000085300000|100%| O|  |TAMS 0x0000000085300000, 0x0000000085200000| Untracked 
|  83|0x0000000085300000, 0x0000000085400000, 0x0000000085400000|100%| O|  |TAMS 0x0000000085400000, 0x0000000085300000| Untracked 
|  84|0x0000000085400000, 0x0000000085500000, 0x0000000085500000|100%| O|  |TAMS 0x0000000085500000, 0x0000000085400000| Untracked 
|  85|0x0000000085500000, 0x0000000085600000, 0x0000000085600000|100%| O|  |TAMS 0x0000000085600000, 0x0000000085500000| Untracked 
|  86|0x0000000085600000, 0x0000000085700000, 0x0000000085700000|100%| O|  |TAMS 0x0000000085600000, 0x0000000085600000| Untracked 
|  87|0x0000000085700000, 0x0000000085800000, 0x0000000085800000|100%| O|  |TAMS 0x0000000085800000, 0x0000000085700000| Untracked 
|  88|0x0000000085800000, 0x0000000085900000, 0x0000000085900000|100%| O|  |TAMS 0x0000000085900000, 0x0000000085800000| Untracked 
|  89|0x0000000085900000, 0x0000000085a00000, 0x0000000085a00000|100%| O|  |TAMS 0x0000000085a00000, 0x0000000085900000| Untracked 
|  90|0x0000000085a00000, 0x0000000085b00000, 0x0000000085b00000|100%| O|  |TAMS 0x0000000085b00000, 0x0000000085a00000| Untracked 
|  91|0x0000000085b00000, 0x0000000085c00000, 0x0000000085c00000|100%| O|  |TAMS 0x0000000085b00000, 0x0000000085b00000| Untracked 
|  92|0x0000000085c00000, 0x0000000085d00000, 0x0000000085d00000|100%| O|  |TAMS 0x0000000085d00000, 0x0000000085c00000| Untracked 
|  93|0x0000000085d00000, 0x0000000085e00000, 0x0000000085e00000|100%| O|  |TAMS 0x0000000085e00000, 0x0000000085d00000| Untracked 
|  94|0x0000000085e00000, 0x0000000085f00000, 0x0000000085f00000|100%| O|  |TAMS 0x0000000085f00000, 0x0000000085e00000| Untracked 
|  95|0x0000000085f00000, 0x0000000086000000, 0x0000000086000000|100%| O|  |TAMS 0x0000000086000000, 0x0000000085f00000| Untracked 
|  96|0x0000000086000000, 0x0000000086100000, 0x0000000086100000|100%| O|  |TAMS 0x0000000086100000, 0x0000000086000000| Untracked 
|  97|0x0000000086100000, 0x0000000086200000, 0x0000000086200000|100%| O|  |TAMS 0x0000000086200000, 0x0000000086100000| Untracked 
|  98|0x0000000086200000, 0x0000000086300000, 0x0000000086300000|100%| O|  |TAMS 0x0000000086300000, 0x0000000086200000| Untracked 
|  99|0x0000000086300000, 0x0000000086400000, 0x0000000086400000|100%| O|  |TAMS 0x0000000086400000, 0x0000000086300000| Untracked 
| 100|0x0000000086400000, 0x0000000086500000, 0x0000000086500000|100%| O|  |TAMS 0x0000000086500000, 0x0000000086400000| Untracked 
| 101|0x0000000086500000, 0x0000000086600000, 0x0000000086600000|100%| O|  |TAMS 0x0000000086600000, 0x0000000086500000| Untracked 
| 102|0x0000000086600000, 0x0000000086700000, 0x0000000086700000|100%| O|  |TAMS 0x0000000086700000, 0x0000000086600000| Untracked 
| 103|0x0000000086700000, 0x0000000086800000, 0x0000000086800000|100%| O|  |TAMS 0x0000000086800000, 0x0000000086700000| Untracked 
| 104|0x0000000086800000, 0x0000000086900000, 0x0000000086900000|100%| O|  |TAMS 0x0000000086900000, 0x0000000086800000| Untracked 
| 105|0x0000000086900000, 0x0000000086a00000, 0x0000000086a00000|100%| O|  |TAMS 0x0000000086a00000, 0x0000000086900000| Untracked 
| 106|0x0000000086a00000, 0x0000000086b00000, 0x0000000086b00000|100%| O|  |TAMS 0x0000000086b00000, 0x0000000086a00000| Untracked 
| 107|0x0000000086b00000, 0x0000000086c00000, 0x0000000086c00000|100%| O|  |TAMS 0x0000000086c00000, 0x0000000086b00000| Untracked 
| 108|0x0000000086c00000, 0x0000000086d00000, 0x0000000086d00000|100%| O|  |TAMS 0x0000000086c39200, 0x0000000086c00000| Untracked 
| 109|0x0000000086d00000, 0x0000000086e00000, 0x0000000086e00000|100%| O|  |TAMS 0x0000000086d00000, 0x0000000086d00000| Untracked 
| 110|0x0000000086e00000, 0x0000000086f00000, 0x0000000086f00000|100%| O|  |TAMS 0x0000000086e00000, 0x0000000086e00000| Untracked 
| 111|0x0000000086f00000, 0x0000000087000000, 0x0000000087000000|100%| O|  |TAMS 0x0000000086f00000, 0x0000000086f00000| Untracked 
| 112|0x0000000087000000, 0x0000000087100000, 0x0000000087100000|100%| O|  |TAMS 0x0000000087000000, 0x0000000087000000| Untracked 
| 113|0x0000000087100000, 0x0000000087200000, 0x0000000087200000|100%| O|  |TAMS 0x0000000087100000, 0x0000000087100000| Untracked 
| 114|0x0000000087200000, 0x0000000087300000, 0x0000000087300000|100%| O|  |TAMS 0x0000000087200000, 0x0000000087200000| Untracked 
| 115|0x0000000087300000, 0x0000000087400000, 0x0000000087400000|100%| O|  |TAMS 0x0000000087300000, 0x0000000087300000| Untracked 
| 116|0x0000000087400000, 0x0000000087500000, 0x0000000087500000|100%| O|  |TAMS 0x0000000087400000, 0x0000000087400000| Untracked 
| 117|0x0000000087500000, 0x0000000087600000, 0x0000000087600000|100%| O|  |TAMS 0x0000000087500000, 0x0000000087500000| Untracked 
| 118|0x0000000087600000, 0x0000000087700000, 0x0000000087700000|100%| O|  |TAMS 0x0000000087600000, 0x0000000087600000| Untracked 
| 119|0x0000000087700000, 0x0000000087800000, 0x0000000087800000|100%| O|  |TAMS 0x0000000087700000, 0x0000000087700000| Untracked 
| 120|0x0000000087800000, 0x0000000087900000, 0x0000000087900000|100%| O|  |TAMS 0x0000000087800000, 0x0000000087800000| Untracked 
| 121|0x0000000087900000, 0x0000000087a00000, 0x0000000087a00000|100%| O|  |TAMS 0x0000000087900000, 0x0000000087900000| Untracked 
| 122|0x0000000087a00000, 0x0000000087b00000, 0x0000000087b00000|100%| O|  |TAMS 0x0000000087a00000, 0x0000000087a00000| Untracked 
| 123|0x0000000087b00000, 0x0000000087c00000, 0x0000000087c00000|100%| O|  |TAMS 0x0000000087b00000, 0x0000000087b00000| Untracked 
| 124|0x0000000087c00000, 0x0000000087d00000, 0x0000000087d00000|100%| O|  |TAMS 0x0000000087c00000, 0x0000000087c00000| Untracked 
| 125|0x0000000087d00000, 0x0000000087e00000, 0x0000000087e00000|100%| O|  |TAMS 0x0000000087d00000, 0x0000000087d00000| Untracked 
| 126|0x0000000087e00000, 0x0000000087f00000, 0x0000000087f00000|100%| O|  |TAMS 0x0000000087e00000, 0x0000000087e00000| Untracked 
| 127|0x0000000087f00000, 0x0000000088000000, 0x0000000088000000|100%| O|  |TAMS 0x0000000087f00000, 0x0000000087f00000| Untracked 
| 128|0x0000000088000000, 0x0000000088100000, 0x0000000088100000|100%| O|  |TAMS 0x0000000088000000, 0x0000000088000000| Untracked 
| 129|0x0000000088100000, 0x0000000088200000, 0x0000000088200000|100%| O|  |TAMS 0x0000000088100000, 0x0000000088100000| Untracked 
| 130|0x0000000088200000, 0x0000000088300000, 0x0000000088300000|100%| O|  |TAMS 0x0000000088200000, 0x0000000088200000| Untracked 
| 131|0x0000000088300000, 0x0000000088400000, 0x0000000088400000|100%| O|  |TAMS 0x0000000088300000, 0x0000000088300000| Untracked 
| 132|0x0000000088400000, 0x0000000088500000, 0x0000000088500000|100%| O|  |TAMS 0x0000000088400000, 0x0000000088400000| Untracked 
| 133|0x0000000088500000, 0x0000000088600000, 0x0000000088600000|100%| O|  |TAMS 0x0000000088500000, 0x0000000088500000| Untracked 
| 134|0x0000000088600000, 0x0000000088700000, 0x0000000088700000|100%| O|  |TAMS 0x0000000088600000, 0x0000000088600000| Untracked 
| 135|0x0000000088700000, 0x0000000088800000, 0x0000000088800000|100%| O|  |TAMS 0x0000000088700000, 0x0000000088700000| Untracked 
| 136|0x0000000088800000, 0x0000000088900000, 0x0000000088900000|100%| O|  |TAMS 0x0000000088800000, 0x0000000088800000| Untracked 
| 137|0x0000000088900000, 0x0000000088a00000, 0x0000000088a00000|100%| O|  |TAMS 0x0000000088900000, 0x0000000088900000| Untracked 
| 138|0x0000000088a00000, 0x0000000088b00000, 0x0000000088b00000|100%| O|  |TAMS 0x0000000088a00000, 0x0000000088a00000| Untracked 
| 139|0x0000000088b00000, 0x0000000088c00000, 0x0000000088c00000|100%| O|  |TAMS 0x0000000088b00000, 0x0000000088b00000| Untracked 
| 140|0x0000000088c00000, 0x0000000088d00000, 0x0000000088d00000|100%| O|  |TAMS 0x0000000088c00000, 0x0000000088c00000| Untracked 
| 141|0x0000000088d00000, 0x0000000088e00000, 0x0000000088e00000|100%| O|  |TAMS 0x0000000088d00000, 0x0000000088d00000| Untracked 
| 142|0x0000000088e00000, 0x0000000088f00000, 0x0000000088f00000|100%| O|  |TAMS 0x0000000088e00000, 0x0000000088e00000| Untracked 
| 143|0x0000000088f00000, 0x0000000089000000, 0x0000000089000000|100%| O|  |TAMS 0x0000000088f00000, 0x0000000088f00000| Untracked 
| 144|0x0000000089000000, 0x0000000089100000, 0x0000000089100000|100%| O|  |TAMS 0x0000000089000000, 0x0000000089000000| Untracked 
| 145|0x0000000089100000, 0x0000000089200000, 0x0000000089200000|100%| O|  |TAMS 0x0000000089100000, 0x0000000089100000| Untracked 
| 146|0x0000000089200000, 0x0000000089300000, 0x0000000089300000|100%| O|  |TAMS 0x0000000089200000, 0x0000000089200000| Untracked 
| 147|0x0000000089300000, 0x00000000893c0e00, 0x0000000089400000| 75%| O|  |TAMS 0x0000000089300000, 0x0000000089300000| Untracked 
| 148|0x0000000089400000, 0x0000000089400000, 0x0000000089500000|  0%| F|  |TAMS 0x0000000089400000, 0x0000000089400000| Untracked 
| 149|0x0000000089500000, 0x0000000089500000, 0x0000000089600000|  0%| F|  |TAMS 0x0000000089500000, 0x0000000089500000| Untracked 
| 150|0x0000000089600000, 0x0000000089600000, 0x0000000089700000|  0%| F|  |TAMS 0x0000000089600000, 0x0000000089600000| Untracked 
| 151|0x0000000089700000, 0x0000000089700000, 0x0000000089800000|  0%| F|  |TAMS 0x0000000089700000, 0x0000000089700000| Untracked 
| 152|0x0000000089800000, 0x0000000089800000, 0x0000000089900000|  0%| F|  |TAMS 0x0000000089800000, 0x0000000089800000| Untracked 
| 153|0x0000000089900000, 0x0000000089900000, 0x0000000089a00000|  0%| F|  |TAMS 0x0000000089900000, 0x0000000089900000| Untracked 
| 154|0x0000000089a00000, 0x0000000089a00000, 0x0000000089b00000|  0%| F|  |TAMS 0x0000000089a00000, 0x0000000089a00000| Untracked 
| 155|0x0000000089b00000, 0x0000000089b00000, 0x0000000089c00000|  0%| F|  |TAMS 0x0000000089b00000, 0x0000000089b00000| Untracked 
| 156|0x0000000089c00000, 0x0000000089c00000, 0x0000000089d00000|  0%| F|  |TAMS 0x0000000089c00000, 0x0000000089c00000| Untracked 
| 157|0x0000000089d00000, 0x0000000089d00000, 0x0000000089e00000|  0%| F|  |TAMS 0x0000000089d00000, 0x0000000089d00000| Untracked 
| 158|0x0000000089e00000, 0x0000000089e00000, 0x0000000089f00000|  0%| F|  |TAMS 0x0000000089e00000, 0x0000000089e00000| Untracked 
| 159|0x0000000089f00000, 0x0000000089f00000, 0x000000008a000000|  0%| F|  |TAMS 0x0000000089f00000, 0x0000000089f00000| Untracked 
| 160|0x000000008a000000, 0x000000008a000000, 0x000000008a100000|  0%| F|  |TAMS 0x000000008a000000, 0x000000008a000000| Untracked 
| 161|0x000000008a100000, 0x000000008a100000, 0x000000008a200000|  0%| F|  |TAMS 0x000000008a100000, 0x000000008a100000| Untracked 
| 162|0x000000008a200000, 0x000000008a200000, 0x000000008a300000|  0%| F|  |TAMS 0x000000008a200000, 0x000000008a200000| Untracked 
| 163|0x000000008a300000, 0x000000008a300000, 0x000000008a400000|  0%| F|  |TAMS 0x000000008a300000, 0x000000008a300000| Untracked 
| 164|0x000000008a400000, 0x000000008a400000, 0x000000008a500000|  0%| F|  |TAMS 0x000000008a400000, 0x000000008a400000| Untracked 
| 165|0x000000008a500000, 0x000000008a500000, 0x000000008a600000|  0%| F|  |TAMS 0x000000008a500000, 0x000000008a500000| Untracked 
| 166|0x000000008a600000, 0x000000008a600000, 0x000000008a700000|  0%| F|  |TAMS 0x000000008a600000, 0x000000008a600000| Untracked 
| 167|0x000000008a700000, 0x000000008a700000, 0x000000008a800000|  0%| F|  |TAMS 0x000000008a700000, 0x000000008a700000| Untracked 
| 168|0x000000008a800000, 0x000000008a800000, 0x000000008a900000|  0%| F|  |TAMS 0x000000008a800000, 0x000000008a800000| Untracked 
| 169|0x000000008a900000, 0x000000008a900000, 0x000000008aa00000|  0%| F|  |TAMS 0x000000008a900000, 0x000000008a900000| Untracked 
| 170|0x000000008aa00000, 0x000000008aa00000, 0x000000008ab00000|  0%| F|  |TAMS 0x000000008aa00000, 0x000000008aa00000| Untracked 
| 171|0x000000008ab00000, 0x000000008ab00000, 0x000000008ac00000|  0%| F|  |TAMS 0x000000008ab00000, 0x000000008ab00000| Untracked 
| 172|0x000000008ac00000, 0x000000008ac00000, 0x000000008ad00000|  0%| F|  |TAMS 0x000000008ac00000, 0x000000008ac00000| Untracked 
| 173|0x000000008ad00000, 0x000000008ad00000, 0x000000008ae00000|  0%| F|  |TAMS 0x000000008ad00000, 0x000000008ad00000| Untracked 
| 174|0x000000008ae00000, 0x000000008ae00000, 0x000000008af00000|  0%| F|  |TAMS 0x000000008ae00000, 0x000000008ae00000| Untracked 
| 175|0x000000008af00000, 0x000000008af00000, 0x000000008b000000|  0%| F|  |TAMS 0x000000008af00000, 0x000000008af00000| Untracked 
| 176|0x000000008b000000, 0x000000008b000000, 0x000000008b100000|  0%| F|  |TAMS 0x000000008b000000, 0x000000008b000000| Untracked 
| 177|0x000000008b100000, 0x000000008b100000, 0x000000008b200000|  0%| F|  |TAMS 0x000000008b100000, 0x000000008b100000| Untracked 
| 178|0x000000008b200000, 0x000000008b200000, 0x000000008b300000|  0%| F|  |TAMS 0x000000008b200000, 0x000000008b200000| Untracked 
| 179|0x000000008b300000, 0x000000008b300000, 0x000000008b400000|  0%| F|  |TAMS 0x000000008b300000, 0x000000008b300000| Untracked 
| 180|0x000000008b400000, 0x000000008b400000, 0x000000008b500000|  0%| F|  |TAMS 0x000000008b400000, 0x000000008b400000| Untracked 
| 181|0x000000008b500000, 0x000000008b57be40, 0x000000008b600000| 48%| S|CS|TAMS 0x000000008b500000, 0x000000008b500000| Complete 
| 182|0x000000008b600000, 0x000000008b700000, 0x000000008b700000|100%| S|CS|TAMS 0x000000008b600000, 0x000000008b600000| Complete 
| 183|0x000000008b700000, 0x000000008b700000, 0x000000008b800000|  0%| F|  |TAMS 0x000000008b700000, 0x000000008b700000| Untracked 
| 184|0x000000008b800000, 0x000000008b900000, 0x000000008b900000|100%| S|CS|TAMS 0x000000008b800000, 0x000000008b800000| Complete 
| 185|0x000000008b900000, 0x000000008b900000, 0x000000008ba00000|  0%| F|  |TAMS 0x000000008b900000, 0x000000008b900000| Untracked 
| 186|0x000000008ba00000, 0x000000008ba00000, 0x000000008bb00000|  0%| F|  |TAMS 0x000000008ba00000, 0x000000008ba00000| Untracked 
| 187|0x000000008bb00000, 0x000000008bb00000, 0x000000008bc00000|  0%| F|  |TAMS 0x000000008bb00000, 0x000000008bb00000| Untracked 
| 188|0x000000008bc00000, 0x000000008bc00000, 0x000000008bd00000|  0%| F|  |TAMS 0x000000008bc00000, 0x000000008bc00000| Untracked 
| 189|0x000000008bd00000, 0x000000008bd00000, 0x000000008be00000|  0%| F|  |TAMS 0x000000008bd00000, 0x000000008bd00000| Untracked 
| 190|0x000000008be00000, 0x000000008be00000, 0x000000008bf00000|  0%| F|  |TAMS 0x000000008be00000, 0x000000008be00000| Untracked 
| 191|0x000000008bf00000, 0x000000008bf00000, 0x000000008c000000|  0%| F|  |TAMS 0x000000008bf00000, 0x000000008bf00000| Untracked 
| 192|0x000000008c000000, 0x000000008c000000, 0x000000008c100000|  0%| F|  |TAMS 0x000000008c000000, 0x000000008c000000| Untracked 
| 193|0x000000008c100000, 0x000000008c100000, 0x000000008c200000|  0%| F|  |TAMS 0x000000008c100000, 0x000000008c100000| Untracked 
| 194|0x000000008c200000, 0x000000008c200000, 0x000000008c300000|  0%| F|  |TAMS 0x000000008c200000, 0x000000008c200000| Untracked 
| 195|0x000000008c300000, 0x000000008c300000, 0x000000008c400000|  0%| F|  |TAMS 0x000000008c300000, 0x000000008c300000| Untracked 
| 196|0x000000008c400000, 0x000000008c400000, 0x000000008c500000|  0%| F|  |TAMS 0x000000008c400000, 0x000000008c400000| Untracked 
| 197|0x000000008c500000, 0x000000008c500000, 0x000000008c600000|  0%| F|  |TAMS 0x000000008c500000, 0x000000008c500000| Untracked 
| 198|0x000000008c600000, 0x000000008c600000, 0x000000008c700000|  0%| F|  |TAMS 0x000000008c600000, 0x000000008c600000| Untracked 
| 199|0x000000008c700000, 0x000000008c700000, 0x000000008c800000|  0%| F|  |TAMS 0x000000008c700000, 0x000000008c700000| Untracked 
| 200|0x000000008c800000, 0x000000008c800000, 0x000000008c900000|  0%| F|  |TAMS 0x000000008c800000, 0x000000008c800000| Untracked 
| 201|0x000000008c900000, 0x000000008c900000, 0x000000008ca00000|  0%| F|  |TAMS 0x000000008c900000, 0x000000008c900000| Untracked 
| 202|0x000000008ca00000, 0x000000008ca00000, 0x000000008cb00000|  0%| F|  |TAMS 0x000000008ca00000, 0x000000008ca00000| Untracked 
| 203|0x000000008cb00000, 0x000000008cb00000, 0x000000008cc00000|  0%| F|  |TAMS 0x000000008cb00000, 0x000000008cb00000| Untracked 
| 204|0x000000008cc00000, 0x000000008cc00000, 0x000000008cd00000|  0%| F|  |TAMS 0x000000008cc00000, 0x000000008cc00000| Untracked 
| 205|0x000000008cd00000, 0x000000008cd00000, 0x000000008ce00000|  0%| F|  |TAMS 0x000000008cd00000, 0x000000008cd00000| Untracked 
| 206|0x000000008ce00000, 0x000000008ce00000, 0x000000008cf00000|  0%| F|  |TAMS 0x000000008ce00000, 0x000000008ce00000| Untracked 
| 207|0x000000008cf00000, 0x000000008cf00000, 0x000000008d000000|  0%| F|  |TAMS 0x000000008cf00000, 0x000000008cf00000| Untracked 
| 208|0x000000008d000000, 0x000000008d000000, 0x000000008d100000|  0%| F|  |TAMS 0x000000008d000000, 0x000000008d000000| Untracked 
| 209|0x000000008d100000, 0x000000008d100000, 0x000000008d200000|  0%| F|  |TAMS 0x000000008d100000, 0x000000008d100000| Untracked 
| 210|0x000000008d200000, 0x000000008d200000, 0x000000008d300000|  0%| F|  |TAMS 0x000000008d200000, 0x000000008d200000| Untracked 
| 211|0x000000008d300000, 0x000000008d300000, 0x000000008d400000|  0%| F|  |TAMS 0x000000008d300000, 0x000000008d300000| Untracked 
| 212|0x000000008d400000, 0x000000008d400000, 0x000000008d500000|  0%| F|  |TAMS 0x000000008d400000, 0x000000008d400000| Untracked 
| 213|0x000000008d500000, 0x000000008d500000, 0x000000008d600000|  0%| F|  |TAMS 0x000000008d500000, 0x000000008d500000| Untracked 
| 214|0x000000008d600000, 0x000000008d600000, 0x000000008d700000|  0%| F|  |TAMS 0x000000008d600000, 0x000000008d600000| Untracked 
| 215|0x000000008d700000, 0x000000008d700000, 0x000000008d800000|  0%| F|  |TAMS 0x000000008d700000, 0x000000008d700000| Untracked 
| 216|0x000000008d800000, 0x000000008d800000, 0x000000008d900000|  0%| F|  |TAMS 0x000000008d800000, 0x000000008d800000| Untracked 
| 217|0x000000008d900000, 0x000000008d900000, 0x000000008da00000|  0%| F|  |TAMS 0x000000008d900000, 0x000000008d900000| Untracked 
| 218|0x000000008da00000, 0x000000008da00000, 0x000000008db00000|  0%| F|  |TAMS 0x000000008da00000, 0x000000008da00000| Untracked 
| 219|0x000000008db00000, 0x000000008db00000, 0x000000008dc00000|  0%| F|  |TAMS 0x000000008db00000, 0x000000008db00000| Untracked 
| 220|0x000000008dc00000, 0x000000008dc00000, 0x000000008dd00000|  0%| F|  |TAMS 0x000000008dc00000, 0x000000008dc00000| Untracked 
| 221|0x000000008dd00000, 0x000000008dd00000, 0x000000008de00000|  0%| F|  |TAMS 0x000000008dd00000, 0x000000008dd00000| Untracked 
| 222|0x000000008de00000, 0x000000008de00000, 0x000000008df00000|  0%| F|  |TAMS 0x000000008de00000, 0x000000008de00000| Untracked 
| 223|0x000000008df00000, 0x000000008df00000, 0x000000008e000000|  0%| F|  |TAMS 0x000000008df00000, 0x000000008df00000| Untracked 
| 224|0x000000008e000000, 0x000000008e000000, 0x000000008e100000|  0%| F|  |TAMS 0x000000008e000000, 0x000000008e000000| Untracked 
| 225|0x000000008e100000, 0x000000008e100000, 0x000000008e200000|  0%| F|  |TAMS 0x000000008e100000, 0x000000008e100000| Untracked 
| 226|0x000000008e200000, 0x000000008e200000, 0x000000008e300000|  0%| F|  |TAMS 0x000000008e200000, 0x000000008e200000| Untracked 
| 227|0x000000008e300000, 0x000000008e300000, 0x000000008e400000|  0%| F|  |TAMS 0x000000008e300000, 0x000000008e300000| Untracked 
| 228|0x000000008e400000, 0x000000008e400000, 0x000000008e500000|  0%| F|  |TAMS 0x000000008e400000, 0x000000008e400000| Untracked 
| 229|0x000000008e500000, 0x000000008e500000, 0x000000008e600000|  0%| F|  |TAMS 0x000000008e500000, 0x000000008e500000| Untracked 
| 230|0x000000008e600000, 0x000000008e600000, 0x000000008e700000|  0%| F|  |TAMS 0x000000008e600000, 0x000000008e600000| Untracked 
| 231|0x000000008e700000, 0x000000008e700000, 0x000000008e800000|  0%| F|  |TAMS 0x000000008e700000, 0x000000008e700000| Untracked 
| 232|0x000000008e800000, 0x000000008e800000, 0x000000008e900000|  0%| F|  |TAMS 0x000000008e800000, 0x000000008e800000| Untracked 
| 233|0x000000008e900000, 0x000000008e900000, 0x000000008ea00000|  0%| F|  |TAMS 0x000000008e900000, 0x000000008e900000| Untracked 
| 234|0x000000008ea00000, 0x000000008ea00000, 0x000000008eb00000|  0%| F|  |TAMS 0x000000008ea00000, 0x000000008ea00000| Untracked 
| 235|0x000000008eb00000, 0x000000008eb00000, 0x000000008ec00000|  0%| F|  |TAMS 0x000000008eb00000, 0x000000008eb00000| Untracked 
| 236|0x000000008ec00000, 0x000000008ec00000, 0x000000008ed00000|  0%| F|  |TAMS 0x000000008ec00000, 0x000000008ec00000| Untracked 
| 237|0x000000008ed00000, 0x000000008ed00000, 0x000000008ee00000|  0%| F|  |TAMS 0x000000008ed00000, 0x000000008ed00000| Untracked 
| 238|0x000000008ee00000, 0x000000008ee00000, 0x000000008ef00000|  0%| F|  |TAMS 0x000000008ee00000, 0x000000008ee00000| Untracked 
| 239|0x000000008ef00000, 0x000000008ef00000, 0x000000008f000000|  0%| F|  |TAMS 0x000000008ef00000, 0x000000008ef00000| Untracked 
| 240|0x000000008f000000, 0x000000008f000000, 0x000000008f100000|  0%| F|  |TAMS 0x000000008f000000, 0x000000008f000000| Untracked 
| 241|0x000000008f100000, 0x000000008f100000, 0x000000008f200000|  0%| F|  |TAMS 0x000000008f100000, 0x000000008f100000| Untracked 
| 242|0x000000008f200000, 0x000000008f200000, 0x000000008f300000|  0%| F|  |TAMS 0x000000008f200000, 0x000000008f200000| Untracked 
| 243|0x000000008f300000, 0x000000008f300000, 0x000000008f400000|  0%| F|  |TAMS 0x000000008f300000, 0x000000008f300000| Untracked 
| 244|0x000000008f400000, 0x000000008f400000, 0x000000008f500000|  0%| F|  |TAMS 0x000000008f400000, 0x000000008f400000| Untracked 
| 245|0x000000008f500000, 0x000000008f500000, 0x000000008f600000|  0%| F|  |TAMS 0x000000008f500000, 0x000000008f500000| Untracked 
| 246|0x000000008f600000, 0x000000008f600000, 0x000000008f700000|  0%| F|  |TAMS 0x000000008f600000, 0x000000008f600000| Untracked 
| 247|0x000000008f700000, 0x000000008f700000, 0x000000008f800000|  0%| F|  |TAMS 0x000000008f700000, 0x000000008f700000| Untracked 
| 248|0x000000008f800000, 0x000000008f800000, 0x000000008f900000|  0%| F|  |TAMS 0x000000008f800000, 0x000000008f800000| Untracked 
| 249|0x000000008f900000, 0x000000008f900000, 0x000000008fa00000|  0%| F|  |TAMS 0x000000008f900000, 0x000000008f900000| Untracked 
| 250|0x000000008fa00000, 0x000000008fa00000, 0x000000008fb00000|  0%| F|  |TAMS 0x000000008fa00000, 0x000000008fa00000| Untracked 
| 251|0x000000008fb00000, 0x000000008fb00000, 0x000000008fc00000|  0%| F|  |TAMS 0x000000008fb00000, 0x000000008fb00000| Untracked 
| 252|0x000000008fc00000, 0x000000008fc00000, 0x000000008fd00000|  0%| F|  |TAMS 0x000000008fc00000, 0x000000008fc00000| Untracked 
| 253|0x000000008fd00000, 0x000000008fd00000, 0x000000008fe00000|  0%| F|  |TAMS 0x000000008fd00000, 0x000000008fd00000| Untracked 
| 254|0x000000008fe00000, 0x000000008fe00000, 0x000000008ff00000|  0%| F|  |TAMS 0x000000008fe00000, 0x000000008fe00000| Untracked 
| 255|0x000000008ff00000, 0x000000008ff00000, 0x0000000090000000|  0%| F|  |TAMS 0x000000008ff00000, 0x000000008ff00000| Untracked 
| 256|0x0000000090000000, 0x0000000090000000, 0x0000000090100000|  0%| F|  |TAMS 0x0000000090000000, 0x0000000090000000| Untracked 
| 257|0x0000000090100000, 0x0000000090100000, 0x0000000090200000|  0%| F|  |TAMS 0x0000000090100000, 0x0000000090100000| Untracked 
| 258|0x0000000090200000, 0x0000000090200000, 0x0000000090300000|  0%| F|  |TAMS 0x0000000090200000, 0x0000000090200000| Untracked 
| 259|0x0000000090300000, 0x0000000090300000, 0x0000000090400000|  0%| F|  |TAMS 0x0000000090300000, 0x0000000090300000| Untracked 
| 260|0x0000000090400000, 0x0000000090400000, 0x0000000090500000|  0%| F|  |TAMS 0x0000000090400000, 0x0000000090400000| Untracked 
| 261|0x0000000090500000, 0x0000000090500000, 0x0000000090600000|  0%| F|  |TAMS 0x0000000090500000, 0x0000000090500000| Untracked 
| 262|0x0000000090600000, 0x0000000090600000, 0x0000000090700000|  0%| F|  |TAMS 0x0000000090600000, 0x0000000090600000| Untracked 
| 263|0x0000000090700000, 0x0000000090700000, 0x0000000090800000|  0%| F|  |TAMS 0x0000000090700000, 0x0000000090700000| Untracked 
| 264|0x0000000090800000, 0x0000000090800000, 0x0000000090900000|  0%| F|  |TAMS 0x0000000090800000, 0x0000000090800000| Untracked 
| 265|0x0000000090900000, 0x0000000090900000, 0x0000000090a00000|  0%| F|  |TAMS 0x0000000090900000, 0x0000000090900000| Untracked 
| 266|0x0000000090a00000, 0x0000000090a00000, 0x0000000090b00000|  0%| F|  |TAMS 0x0000000090a00000, 0x0000000090a00000| Untracked 
| 267|0x0000000090b00000, 0x0000000090b00000, 0x0000000090c00000|  0%| F|  |TAMS 0x0000000090b00000, 0x0000000090b00000| Untracked 
| 268|0x0000000090c00000, 0x0000000090c00000, 0x0000000090d00000|  0%| F|  |TAMS 0x0000000090c00000, 0x0000000090c00000| Untracked 
| 269|0x0000000090d00000, 0x0000000090d00000, 0x0000000090e00000|  0%| F|  |TAMS 0x0000000090d00000, 0x0000000090d00000| Untracked 
| 270|0x0000000090e00000, 0x0000000090e00000, 0x0000000090f00000|  0%| F|  |TAMS 0x0000000090e00000, 0x0000000090e00000| Untracked 
| 271|0x0000000090f00000, 0x0000000090f00000, 0x0000000091000000|  0%| F|  |TAMS 0x0000000090f00000, 0x0000000090f00000| Untracked 
| 272|0x0000000091000000, 0x0000000091000000, 0x0000000091100000|  0%| F|  |TAMS 0x0000000091000000, 0x0000000091000000| Untracked 
| 273|0x0000000091100000, 0x0000000091100000, 0x0000000091200000|  0%| F|  |TAMS 0x0000000091100000, 0x0000000091100000| Untracked 

Card table byte_map: [0x000001d55b550000,0x000001d55b950000] _byte_map_base: 0x000001d55b150000

Marking Bits (Prev, Next): (CMBitMap*) 0x000001d546894708, (CMBitMap*) 0x000001d546894740
 Prev Bits: [0x000001d55bd50000, 0x000001d55dd50000)
 Next Bits: [0x000001d55dd50000, 0x000001d55fd50000)

Polling page: 0x000001d546930000

Metaspace:

Usage:
  Non-class:     95.80 MB capacity,    94.05 MB ( 98%) used,     1.39 MB (  1%) free+waste,   362.81 KB ( <1%) overhead. 
      Class:     14.52 MB capacity,    13.46 MB ( 93%) used,   934.13 KB (  6%) free+waste,   158.69 KB (  1%) overhead. 
       Both:    110.32 MB capacity,   107.51 MB ( 97%) used,     2.31 MB (  2%) free+waste,   521.50 KB ( <1%) overhead. 

Virtual space:
  Non-class space:       96.00 MB reserved,      95.95 MB (>99%) committed 
      Class space:        1.00 GB reserved,      14.63 MB (  1%) committed 
             Both:        1.09 GB reserved,     110.57 MB ( 10%) committed 

Chunk freelists:
   Non-Class:  28.00 KB
       Class:  0 bytes
        Both:  28.00 KB

MaxMetaspaceSize: 17179869184.00 GB
CompressedClassSpaceSize: 1.00 GB

CodeHeap 'non-profiled nmethods': size=120064Kb used=15209Kb max_used=15209Kb free=104854Kb
 bounds [0x000001d5535f0000, 0x000001d554550000, 0x000001d55ab30000]
CodeHeap 'profiled nmethods': size=120000Kb used=42513Kb max_used=42513Kb free=77487Kb
 bounds [0x000001d54c0c0000, 0x000001d54eb60000, 0x000001d5535f0000]
CodeHeap 'non-nmethods': size=5696Kb used=2324Kb max_used=2413Kb free=3371Kb
 bounds [0x000001d54bb30000, 0x000001d54bda0000, 0x000001d54c0c0000]
 total_blobs=18488 nmethods=17548 adapters=849
 compilation: enabled
              stopped_count=0, restarted_count=0
 full_count=0

Compilation events (20 events):
Event: 170.546 Thread 0x000001d5623d4000 20500       2       com.android.tools.r8.internal.Z4::a (105 bytes)
Event: 170.548 Thread 0x000001d5623d4000 nmethod 20500 0x000001d54d319e90 code [0x000001d54d31a1a0, 0x000001d54d31ab58]
Event: 170.663 Thread 0x000001d5623d4000 20501       2       com.android.tools.r8.code.S3::<init> (5 bytes)
Event: 170.664 Thread 0x000001d5623d4000 nmethod 20501 0x000001d54d2c5390 code [0x000001d54d2c5540, 0x000001d54d2c5638]
Event: 170.740 Thread 0x000001d5623d4000 20502       2       com.android.tools.r8.internal.z1::n (2 bytes)
Event: 170.741 Thread 0x000001d5623d4000 nmethod 20502 0x000001d54d2ec390 code [0x000001d54d2ec540, 0x000001d54d2ec638]
Event: 170.742 Thread 0x000001d5623d4000 20503       1       com.android.tools.r8.internal.z1::b1 (2 bytes)
Event: 170.743 Thread 0x000001d5623d4000 nmethod 20503 0x000001d55372b590 code [0x000001d55372b740, 0x000001d55372b7f8]
Event: 170.809 Thread 0x000001d5623d4000 20504       2       com.android.tools.r8.ir.regalloc.a$$Lambda$1468/0x0000000100da7440::test (19 bytes)
Event: 170.809 Thread 0x000001d5623d4000 nmethod 20504 0x000001d54d2f5c90 code [0x000001d54d2f5e60, 0x000001d54d2f5fe8]
Event: 170.809 Thread 0x000001d5623d4000 20505       2       com.android.tools.r8.ir.regalloc.a::b (86 bytes)
Event: 170.810 Thread 0x000001d5623d4000 nmethod 20505 0x000001d54d314110 code [0x000001d54d314300, 0x000001d54d314518]
Event: 170.817 Thread 0x000001d5623d4000 20506       2       com.android.tools.r8.internal.Ee::a (12 bytes)
Event: 170.818 Thread 0x000001d5623d4000 nmethod 20506 0x000001d54d30e590 code [0x000001d54d30e740, 0x000001d54d30e8a8]
Event: 170.822 Thread 0x000001d5623d4000 20507       2       com.android.tools.r8.code.g3::<init> (6 bytes)
Event: 170.822 Thread 0x000001d5623d4000 nmethod 20507 0x000001d54d2fd190 code [0x000001d54d2fd340, 0x000001d54d2fd448]
Event: 171.052 Thread 0x000001d5623d4000 20510       2       com.android.tools.r8.internal.m9::b (10 bytes)
Event: 171.052 Thread 0x000001d5623d4000 nmethod 20510 0x000001d54d321110 code [0x000001d54d3212c0, 0x000001d54d321418]
Event: 171.081 Thread 0x000001d5623d4000 20511       2       com.android.tools.r8.internal.p4::a (58 bytes)
Event: 171.082 Thread 0x000001d5623d4000 nmethod 20511 0x000001d54d320810 code [0x000001d54d320a20, 0x000001d54d320e88]

GC Heap History (20 events):
Event: 164.840 GC heap after
{Heap after GC invocations=84 (full 0):
 garbage-first heap   total 280576K, used 152289K [0x0000000080000000, 0x0000000100000000)
  region size 1024K, 4 young (4096K), 4 survivors (4096K)
 Metaspace       used 110024K, capacity 112957K, committed 113228K, reserved 1146880K
  class space    used 13778K, capacity 14870K, committed 14976K, reserved 1048576K
}
Event: 165.300 GC heap before
{Heap before GC invocations=84 (full 0):
 garbage-first heap   total 280576K, used 233185K [0x0000000080000000, 0x0000000100000000)
  region size 1024K, 83 young (84992K), 4 survivors (4096K)
 Metaspace       used 110043K, capacity 112958K, committed 113228K, reserved 1146880K
  class space    used 13778K, capacity 14870K, committed 14976K, reserved 1048576K
}
Event: 165.315 GC heap after
{Heap after GC invocations=85 (full 0):
 garbage-first heap   total 280576K, used 152562K [0x0000000080000000, 0x0000000100000000)
  region size 1024K, 5 young (5120K), 5 survivors (5120K)
 Metaspace       used 110043K, capacity 112958K, committed 113228K, reserved 1146880K
  class space    used 13778K, capacity 14870K, committed 14976K, reserved 1048576K
}
Event: 165.825 GC heap before
{Heap before GC invocations=85 (full 0):
 garbage-first heap   total 280576K, used 234482K [0x0000000080000000, 0x0000000100000000)
  region size 1024K, 85 young (87040K), 5 survivors (5120K)
 Metaspace       used 110043K, capacity 112958K, committed 113228K, reserved 1146880K
  class space    used 13778K, capacity 14870K, committed 14976K, reserved 1048576K
}
Event: 165.837 GC heap after
{Heap after GC invocations=86 (full 0):
 garbage-first heap   total 280576K, used 153145K [0x0000000080000000, 0x0000000100000000)
  region size 1024K, 5 young (5120K), 5 survivors (5120K)
 Metaspace       used 110043K, capacity 112958K, committed 113228K, reserved 1146880K
  class space    used 13778K, capacity 14870K, committed 14976K, reserved 1048576K
}
Event: 166.395 GC heap before
{Heap before GC invocations=86 (full 0):
 garbage-first heap   total 280576K, used 236089K [0x0000000080000000, 0x0000000100000000)
  region size 1024K, 86 young (88064K), 5 survivors (5120K)
 Metaspace       used 110045K, capacity 112958K, committed 113228K, reserved 1146880K
  class space    used 13778K, capacity 14870K, committed 14976K, reserved 1048576K
}
Event: 166.413 GC heap after
{Heap after GC invocations=87 (full 0):
 garbage-first heap   total 280576K, used 155020K [0x0000000080000000, 0x0000000100000000)
  region size 1024K, 7 young (7168K), 7 survivors (7168K)
 Metaspace       used 110045K, capacity 112958K, committed 113228K, reserved 1146880K
  class space    used 13778K, capacity 14870K, committed 14976K, reserved 1048576K
}
Event: 167.083 GC heap before
{Heap before GC invocations=87 (full 0):
 garbage-first heap   total 280576K, used 237964K [0x0000000080000000, 0x0000000100000000)
  region size 1024K, 88 young (90112K), 7 survivors (7168K)
 Metaspace       used 110048K, capacity 112958K, committed 113228K, reserved 1146880K
  class space    used 13778K, capacity 14870K, committed 14976K, reserved 1048576K
}
Event: 167.096 GC heap after
{Heap after GC invocations=88 (full 0):
 garbage-first heap   total 280576K, used 152902K [0x0000000080000000, 0x0000000100000000)
  region size 1024K, 2 young (2048K), 2 survivors (2048K)
 Metaspace       used 110048K, capacity 112958K, committed 113228K, reserved 1146880K
  class space    used 13778K, capacity 14870K, committed 14976K, reserved 1048576K
}
Event: 167.777 GC heap before
{Heap before GC invocations=88 (full 0):
 garbage-first heap   total 280576K, used 237894K [0x0000000080000000, 0x0000000100000000)
  region size 1024K, 85 young (87040K), 2 survivors (2048K)
 Metaspace       used 110053K, capacity 112958K, committed 113228K, reserved 1146880K
  class space    used 13778K, capacity 14870K, committed 14976K, reserved 1048576K
}
Event: 167.785 GC heap after
{Heap after GC invocations=89 (full 0):
 garbage-first heap   total 280576K, used 153591K [0x0000000080000000, 0x0000000100000000)
  region size 1024K, 3 young (3072K), 3 survivors (3072K)
 Metaspace       used 110053K, capacity 112958K, committed 113228K, reserved 1146880K
  class space    used 13778K, capacity 14870K, committed 14976K, reserved 1048576K
}
Event: 168.257 GC heap before
{Heap before GC invocations=89 (full 0):
 garbage-first heap   total 280576K, used 239607K [0x0000000080000000, 0x0000000100000000)
  region size 1024K, 87 young (89088K), 3 survivors (3072K)
 Metaspace       used 110066K, capacity 112968K, committed 113228K, reserved 1146880K
  class space    used 13780K, capacity 14873K, committed 14976K, reserved 1048576K
}
Event: 168.269 GC heap after
{Heap after GC invocations=90 (full 0):
 garbage-first heap   total 280576K, used 154164K [0x0000000080000000, 0x0000000100000000)
  region size 1024K, 3 young (3072K), 3 survivors (3072K)
 Metaspace       used 110066K, capacity 112968K, committed 113228K, reserved 1146880K
  class space    used 13780K, capacity 14873K, committed 14976K, reserved 1048576K
}
Event: 168.763 GC heap before
{Heap before GC invocations=90 (full 0):
 garbage-first heap   total 280576K, used 241204K [0x0000000080000000, 0x0000000100000000)
  region size 1024K, 88 young (90112K), 3 survivors (3072K)
 Metaspace       used 110070K, capacity 112968K, committed 113228K, reserved 1146880K
  class space    used 13780K, capacity 14873K, committed 14976K, reserved 1048576K
}
Event: 168.775 GC heap after
{Heap after GC invocations=91 (full 0):
 garbage-first heap   total 280576K, used 153805K [0x0000000080000000, 0x0000000100000000)
  region size 1024K, 3 young (3072K), 3 survivors (3072K)
 Metaspace       used 110070K, capacity 112968K, committed 113228K, reserved 1146880K
  class space    used 13780K, capacity 14873K, committed 14976K, reserved 1048576K
}
Event: 169.439 GC heap before
{Heap before GC invocations=91 (full 0):
 garbage-first heap   total 280576K, used 241869K [0x0000000080000000, 0x0000000100000000)
  region size 1024K, 89 young (91136K), 3 survivors (3072K)
 Metaspace       used 110073K, capacity 112968K, committed 113228K, reserved 1146880K
  class space    used 13780K, capacity 14873K, committed 14976K, reserved 1048576K
}
Event: 169.450 GC heap after
{Heap after GC invocations=92 (full 0):
 garbage-first heap   total 280576K, used 154934K [0x0000000080000000, 0x0000000100000000)
  region size 1024K, 4 young (4096K), 4 survivors (4096K)
 Metaspace       used 110073K, capacity 112968K, committed 113228K, reserved 1146880K
  class space    used 13780K, capacity 14873K, committed 14976K, reserved 1048576K
}
Event: 170.310 GC heap before
{Heap before GC invocations=92 (full 0):
 garbage-first heap   total 280576K, used 242998K [0x0000000080000000, 0x0000000100000000)
  region size 1024K, 90 young (92160K), 4 survivors (4096K)
 Metaspace       used 110081K, capacity 112968K, committed 113228K, reserved 1146880K
  class space    used 13780K, capacity 14873K, committed 14976K, reserved 1048576K
}
Event: 170.319 GC heap after
{Heap after GC invocations=93 (full 0):
 garbage-first heap   total 280576K, used 153924K [0x0000000080000000, 0x0000000100000000)
  region size 1024K, 3 young (3072K), 3 survivors (3072K)
 Metaspace       used 110081K, capacity 112968K, committed 113228K, reserved 1146880K
  class space    used 13780K, capacity 14873K, committed 14976K, reserved 1048576K
}
Event: 171.083 GC heap before
{Heap before GC invocations=93 (full 0):
 garbage-first heap   total 280576K, used 243012K [0x0000000080000000, 0x0000000100000000)
  region size 1024K, 90 young (92160K), 3 survivors (3072K)
 Metaspace       used 110085K, capacity 112969K, committed 113228K, reserved 1146880K
  class space    used 13780K, capacity 14873K, committed 14976K, reserved 1048576K
}

Deoptimization events (20 events):
Event: 170.818 Thread 0x000001d56620f800 DEOPT PACKING pc=0x000001d54ead9959 sp=0x000000ab3d0f9990
Event: 170.818 Thread 0x000001d56620f800 DEOPT UNPACKING pc=0x000001d54bb5764e sp=0x000000ab3d0f9000 mode 0
Event: 170.819 Thread 0x000001d566216000 DEOPT PACKING pc=0x000001d54e912e9e sp=0x000000ab3d1f96c0
Event: 170.819 Thread 0x000001d566216000 DEOPT UNPACKING pc=0x000001d54bb5764e sp=0x000000ab3d1f8f68 mode 0
Event: 170.828 Thread 0x000001d56620f800 DEOPT PACKING pc=0x000001d54ea0ba5b sp=0x000000ab3d0f9830
Event: 170.828 Thread 0x000001d56620f800 DEOPT UNPACKING pc=0x000001d54bb5764e sp=0x000000ab3d0f8fe0 mode 0
Event: 170.917 Thread 0x000001d56620f800 DEOPT PACKING pc=0x000001d54d637a67 sp=0x000000ab3d0f9f50
Event: 170.917 Thread 0x000001d56620f800 DEOPT UNPACKING pc=0x000001d54bb5764e sp=0x000000ab3d0f9630 mode 0
Event: 170.926 Thread 0x000001d566216000 DEOPT PACKING pc=0x000001d54e912e9e sp=0x000000ab3d1f96c0
Event: 170.926 Thread 0x000001d566216000 DEOPT UNPACKING pc=0x000001d54bb5764e sp=0x000000ab3d1f8f68 mode 0
Event: 170.929 Thread 0x000001d56620f800 DEOPT PACKING pc=0x000001d54e9f0d7a sp=0x000000ab3d0f9840
Event: 170.929 Thread 0x000001d56620f800 DEOPT UNPACKING pc=0x000001d54bb5764e sp=0x000000ab3d0f9008 mode 0
Event: 170.952 Thread 0x000001d566216000 DEOPT PACKING pc=0x000001d54e3943f9 sp=0x000000ab3d1f9620
Event: 170.952 Thread 0x000001d566216000 DEOPT UNPACKING pc=0x000001d54bb5764e sp=0x000000ab3d1f8d10 mode 0
Event: 170.989 Thread 0x000001d56620f800 DEOPT PACKING pc=0x000001d54ea0ba5b sp=0x000000ab3d0f9830
Event: 170.989 Thread 0x000001d56620f800 DEOPT UNPACKING pc=0x000001d54bb5764e sp=0x000000ab3d0f8fe0 mode 0
Event: 171.080 Thread 0x000001d56620f800 DEOPT PACKING pc=0x000001d54ea0ba5b sp=0x000000ab3d0f9830
Event: 171.080 Thread 0x000001d56620f800 DEOPT UNPACKING pc=0x000001d54bb5764e sp=0x000000ab3d0f8fe0 mode 0
Event: 171.082 Thread 0x000001d566216000 DEOPT PACKING pc=0x000001d54e4e9d8f sp=0x000000ab3d1f98c0
Event: 171.082 Thread 0x000001d566216000 DEOPT UNPACKING pc=0x000001d54bb5764e sp=0x000000ab3d1f8dd8 mode 0

Classes redefined (0 events):
No events

Internal exceptions (20 events):
Event: 145.467 Thread 0x000001d566216800 Exception <a 'sun/nio/fs/WindowsException'{0x0000000089f999a8}> (0x0000000089f999a8) thrown at [./src/hotspot/share/prims/jni.cpp, line 615]
Event: 146.282 Thread 0x000001d566212000 Exception <a 'sun/nio/fs/WindowsException'{0x000000008b84b528}> (0x000000008b84b528) thrown at [./src/hotspot/share/prims/jni.cpp, line 615]
Event: 146.346 Thread 0x000001d56620f800 Exception <a 'sun/nio/fs/WindowsException'{0x000000008b3628a8}> (0x000000008b3628a8) thrown at [./src/hotspot/share/prims/jni.cpp, line 615]
Event: 150.550 Thread 0x000001d566216800 Implicit null exception at 0x000001d5537853eb to 0x000001d55378540c
Event: 162.729 Thread 0x000001d566216800 Implicit null exception at 0x000001d5542e136d to 0x000001d5542e19a6
Event: 163.036 Thread 0x000001d566216800 Exception <a 'sun/nio/fs/WindowsException'{0x000000008bc540b0}> (0x000000008bc540b0) thrown at [./src/hotspot/share/prims/jni.cpp, line 615]
Event: 163.184 Thread 0x000001d566216800 Exception <a 'sun/nio/fs/WindowsException'{0x000000008b804c50}> (0x000000008b804c50) thrown at [./src/hotspot/share/prims/jni.cpp, line 615]
Event: 163.272 Thread 0x000001d56620f800 Exception <a 'sun/nio/fs/WindowsException'{0x000000008b1b2290}> (0x000000008b1b2290) thrown at [./src/hotspot/share/prims/jni.cpp, line 615]
Event: 163.302 Thread 0x000001d56620f800 Exception <a 'sun/nio/fs/WindowsException'{0x000000008ab21e88}> (0x000000008ab21e88) thrown at [./src/hotspot/share/prims/jni.cpp, line 615]
Event: 163.331 Thread 0x000001d566216000 Exception <a 'sun/nio/fs/WindowsException'{0x000000008a995c20}> (0x000000008a995c20) thrown at [./src/hotspot/share/prims/jni.cpp, line 615]
Event: 163.340 Thread 0x000001d566216000 Exception <a 'sun/nio/fs/WindowsException'{0x000000008a8eab10}> (0x000000008a8eab10) thrown at [./src/hotspot/share/prims/jni.cpp, line 615]
Event: 163.410 Thread 0x000001d566212000 Exception <a 'sun/nio/fs/WindowsException'{0x000000008bb7d668}> (0x000000008bb7d668) thrown at [./src/hotspot/share/prims/jni.cpp, line 615]
Event: 163.496 Thread 0x000001d566216800 Exception <a 'sun/nio/fs/WindowsException'{0x0000000090a8e7b8}> (0x0000000090a8e7b8) thrown at [./src/hotspot/share/prims/jni.cpp, line 615]
Event: 163.625 Thread 0x000001d566212000 Exception <a 'sun/nio/fs/WindowsException'{0x000000008feff3a8}> (0x000000008feff3a8) thrown at [./src/hotspot/share/prims/jni.cpp, line 615]
Event: 163.632 Thread 0x000001d566216000 Exception <a 'sun/nio/fs/WindowsException'{0x000000008fdf8908}> (0x000000008fdf8908) thrown at [./src/hotspot/share/prims/jni.cpp, line 615]
Event: 163.666 Thread 0x000001d56620f800 Exception <a 'sun/nio/fs/WindowsException'{0x000000008f750dd8}> (0x000000008f750dd8) thrown at [./src/hotspot/share/prims/jni.cpp, line 615]
Event: 163.814 Thread 0x000001d566212000 Exception <a 'sun/nio/fs/WindowsException'{0x000000008dcf0748}> (0x000000008dcf0748) thrown at [./src/hotspot/share/prims/jni.cpp, line 615]
Event: 163.948 Thread 0x000001d566216800 Exception <a 'sun/nio/fs/WindowsException'{0x000000008bdecae0}> (0x000000008bdecae0) thrown at [./src/hotspot/share/prims/jni.cpp, line 615]
Event: 168.318 Thread 0x000001d566216800 Exception <a 'sun/nio/fs/WindowsException'{0x000000009113d370}> (0x000000009113d370) thrown at [./src/hotspot/share/prims/jni.cpp, line 615]
Event: 169.489 Thread 0x000001d566212000 Exception <a 'sun/nio/fs/WindowsException'{0x0000000090b9b518}> (0x0000000090b9b518) thrown at [./src/hotspot/share/prims/jni.cpp, line 615]

Events (20 events):
Event: 167.998 loading class com/android/tools/r8/internal/GE done
Event: 167.998 loading class com/android/tools/r8/internal/GE
Event: 167.998 loading class com/android/tools/r8/internal/GE done
Event: 167.998 loading class com/android/tools/r8/internal/FE
Event: 167.998 loading class com/android/tools/r8/internal/FE done
Event: 167.999 loading class com/android/tools/r8/code/I0
Event: 167.999 loading class com/android/tools/r8/code/I0 done
Event: 167.999 loading class com/android/tools/r8/code/I0
Event: 167.999 loading class com/android/tools/r8/code/I0 done
Event: 167.999 loading class com/android/tools/r8/code/I0
Event: 167.999 loading class com/android/tools/r8/code/I0 done
Event: 168.256 Executing VM operation: G1CollectForAllocation
Event: 168.269 Executing VM operation: G1CollectForAllocation done
Event: 168.762 Executing VM operation: G1CollectForAllocation
Event: 168.775 Executing VM operation: G1CollectForAllocation done
Event: 169.438 Executing VM operation: G1CollectForAllocation
Event: 169.450 Executing VM operation: G1CollectForAllocation done
Event: 170.310 Executing VM operation: G1CollectForAllocation
Event: 170.319 Executing VM operation: G1CollectForAllocation done
Event: 171.083 Executing VM operation: G1CollectForAllocation


Dynamic libraries:
0x00007ff6320b0000 - 0x00007ff6320ba000 	C:\Program Files\Android\Android Studio\jre\bin\java.exe
0x00007fff46d50000 - 0x00007fff46f45000 	C:\WINDOWS\SYSTEM32\ntdll.dll
0x00007fff24700000 - 0x00007fff24716000 	C:\Program Files\Avast Software\Avast\aswhook.dll
0x00007fff46c50000 - 0x00007fff46d0e000 	C:\WINDOWS\System32\KERNEL32.DLL
0x00007fff444f0000 - 0x00007fff447b8000 	C:\WINDOWS\System32\KERNELBASE.dll
0x00007fff44bd0000 - 0x00007fff44cd0000 	C:\WINDOWS\System32\ucrtbase.dll
0x00007fff34590000 - 0x00007fff345a9000 	C:\Program Files\Android\Android Studio\jre\bin\jli.dll
0x00007fff44d90000 - 0x00007fff44f31000 	C:\WINDOWS\System32\USER32.dll
0x00007fff44cd0000 - 0x00007fff44cf2000 	C:\WINDOWS\System32\win32u.dll
0x00007fff45740000 - 0x00007fff4576b000 	C:\WINDOWS\System32\GDI32.dll
0x00007fff447c0000 - 0x00007fff448cd000 	C:\WINDOWS\System32\gdi32full.dll
0x00007fff34570000 - 0x00007fff34587000 	C:\Program Files\Android\Android Studio\jre\bin\VCRUNTIME140.dll
0x00007fff44b30000 - 0x00007fff44bcd000 	C:\WINDOWS\System32\msvcp_win.dll
0x00007fff365f0000 - 0x00007fff3688a000 	C:\WINDOWS\WinSxS\amd64_microsoft.windows.common-controls_6595b64144ccf1df_6.0.19041.1110_none_60b5254171f9507e\COMCTL32.dll
0x00007fff46b00000 - 0x00007fff46b9e000 	C:\WINDOWS\System32\msvcrt.dll
0x00007fff45fe0000 - 0x00007fff46010000 	C:\WINDOWS\System32\IMM32.DLL
0x00007fff307e0000 - 0x00007fff3087d000 	C:\Program Files\Android\Android Studio\jre\bin\msvcp140.dll
0x00007ffeea640000 - 0x00007ffeeb10f000 	C:\Program Files\Android\Android Studio\jre\bin\server\jvm.dll
0x00007fff45510000 - 0x00007fff455bc000 	C:\WINDOWS\System32\ADVAPI32.dll
0x00007fff452c0000 - 0x00007fff4535b000 	C:\WINDOWS\System32\sechost.dll
0x00007fff46670000 - 0x00007fff4679a000 	C:\WINDOWS\System32\RPCRT4.dll
0x00007fff465f0000 - 0x00007fff465f8000 	C:\WINDOWS\System32\PSAPI.DLL
0x00007fff36100000 - 0x00007fff36109000 	C:\WINDOWS\SYSTEM32\WSOCK32.dll
0x00007fff46600000 - 0x00007fff4666b000 	C:\WINDOWS\System32\WS2_32.dll
0x00007fff38aa0000 - 0x00007fff38ac7000 	C:\WINDOWS\SYSTEM32\WINMM.dll
0x00007fff3dfd0000 - 0x00007fff3dfda000 	C:\WINDOWS\SYSTEM32\VERSION.dll
0x00007fff42350000 - 0x00007fff42362000 	C:\WINDOWS\SYSTEM32\kernel.appcore.dll
0x00007fff3c130000 - 0x00007fff3c141000 	C:\Program Files\Android\Android Studio\jre\bin\verify.dll
0x00007fff3d5f0000 - 0x00007fff3d7d4000 	C:\WINDOWS\SYSTEM32\DBGHELP.DLL
0x00007fff3d980000 - 0x00007fff3d9ac000 	C:\WINDOWS\SYSTEM32\dbgcore.DLL
0x00007fff44460000 - 0x00007fff444e2000 	C:\WINDOWS\System32\bcryptPrimitives.dll
0x00007fff3c090000 - 0x00007fff3c0b9000 	C:\Program Files\Android\Android Studio\jre\bin\java.dll
0x00007fff3c080000 - 0x00007fff3c08b000 	C:\Program Files\Android\Android Studio\jre\bin\jimage.dll
0x00007fff3a8e0000 - 0x00007fff3a8f8000 	C:\Program Files\Android\Android Studio\jre\bin\zip.dll
0x00007fff45890000 - 0x00007fff45fd4000 	C:\WINDOWS\System32\SHELL32.dll
0x00007fff42550000 - 0x00007fff42ce4000 	C:\WINDOWS\SYSTEM32\windows.storage.dll
0x00007fff467a0000 - 0x00007fff46af5000 	C:\WINDOWS\System32\combase.dll
0x00007fff43e40000 - 0x00007fff43e6e000 	C:\WINDOWS\SYSTEM32\Wldp.dll
0x00007fff46ba0000 - 0x00007fff46c4d000 	C:\WINDOWS\System32\SHCORE.dll
0x00007fff455c0000 - 0x00007fff45615000 	C:\WINDOWS\System32\shlwapi.dll
0x00007fff443a0000 - 0x00007fff443bf000 	C:\WINDOWS\SYSTEM32\profapi.dll
0x00007fff3a8c0000 - 0x00007fff3a8da000 	C:\Program Files\Android\Android Studio\jre\bin\net.dll
0x00007fff38950000 - 0x00007fff38a5c000 	C:\WINDOWS\SYSTEM32\WINHTTP.dll
0x00007fff43ba0000 - 0x00007fff43c0a000 	C:\WINDOWS\system32\mswsock.dll
0x00007fff3a8a0000 - 0x00007fff3a8b4000 	C:\Program Files\Android\Android Studio\jre\bin\nio.dll
0x00007fff3bc20000 - 0x00007fff3bc47000 	C:\Users\Eddo Yulianda\.gradle\native\8bec1ad78214c89d9ad589b4d07fe93259594b29d510b10fafb7a158f7737e5d\windows-amd64\native-platform.dll
0x00007fff3aca0000 - 0x00007fff3addd000 	C:\Users\Eddo Yulianda\.gradle\native\53dbd7edfb1c66fb8903c78663c9afc45aea4f116125fa6feffd364cf09443e8\windows-amd64\native-platform-file-events.dll
0x00007fff3a890000 - 0x00007fff3a89a000 	C:\Program Files\Android\Android Studio\jre\bin\management.dll
0x00007fff3a880000 - 0x00007fff3a88c000 	C:\Program Files\Android\Android Studio\jre\bin\management_ext.dll
0x00007fff43d90000 - 0x00007fff43da8000 	C:\WINDOWS\SYSTEM32\CRYPTSP.dll
0x00007fff43520000 - 0x00007fff43554000 	C:\WINDOWS\system32\rsaenh.dll
0x00007fff44d60000 - 0x00007fff44d87000 	C:\WINDOWS\System32\bcrypt.dll
0x00007fff44360000 - 0x00007fff4438e000 	C:\WINDOWS\SYSTEM32\USERENV.dll
0x00007fff43db0000 - 0x00007fff43dbc000 	C:\WINDOWS\SYSTEM32\CRYPTBASE.dll
0x00007fff43890000 - 0x00007fff438cb000 	C:\WINDOWS\SYSTEM32\IPHLPAPI.DLL
0x00007fff456d0000 - 0x00007fff456d8000 	C:\WINDOWS\System32\NSI.dll
0x00007fff3da50000 - 0x00007fff3da67000 	C:\WINDOWS\SYSTEM32\dhcpcsvc6.DLL
0x00007fff3de30000 - 0x00007fff3de4d000 	C:\WINDOWS\SYSTEM32\dhcpcsvc.DLL
0x00007fff438d0000 - 0x00007fff4399b000 	C:\WINDOWS\SYSTEM32\DNSAPI.dll
0x00007fff41c90000 - 0x00007fff41d20000 	C:\WINDOWS\system32\apphelp.dll

dbghelp: loaded successfully - version: 4.0.5 - missing functions: none
symbol engine: initialized successfully - sym options: 0x614 - pdb path: .;C:\Program Files\Android\Android Studio\jre\bin;C:\WINDOWS\SYSTEM32;C:\Program Files\Avast Software\Avast;C:\WINDOWS\WinSxS\amd64_microsoft.windows.common-controls_6595b64144ccf1df_6.0.19041.1110_none_60b5254171f9507e;C:\Program Files\Android\Android Studio\jre\bin\server;C:\Users\Eddo Yulianda\.gradle\native\8bec1ad78214c89d9ad589b4d07fe93259594b29d510b10fafb7a158f7737e5d\windows-amd64;C:\Users\Eddo Yulianda\.gradle\native\53dbd7edfb1c66fb8903c78663c9afc45aea4f116125fa6feffd364cf09443e8\windows-amd64

VM Arguments:
jvm_args: --add-opens=java.base/java.util=ALL-UNNAMED --add-opens=java.base/java.lang=ALL-UNNAMED --add-opens=java.base/java.lang.invoke=ALL-UNNAMED --add-opens=java.base/java.util=ALL-UNNAMED --add-opens=java.prefs/java.util.prefs=ALL-UNNAMED --add-opens=java.prefs/java.util.prefs=ALL-UNNAMED --add-opens=java.base/java.nio.charset=ALL-UNNAMED --add-opens=java.base/java.net=ALL-UNNAMED --add-opens=java.base/java.util.concurrent.atomic=ALL-UNNAMED -Xmx2048m -Dfile.encoding=UTF-8 -Duser.country=GB -Duser.language=en -Duser.variant 
java_command: org.gradle.launcher.daemon.bootstrap.GradleDaemon 7.0.2
java_class_path (initial): C:\Users\Eddo Yulianda\.gradle\wrapper\dists\gradle-7.0.2-bin\857tjihv64xamwrf0h14cai3r\gradle-7.0.2\lib\gradle-launcher-7.0.2.jar
Launcher Type: SUN_STANDARD

[Global flags]
     intx CICompilerCount                          = 3                                         {product} {ergonomic}
     uint ConcGCThreads                            = 1                                         {product} {ergonomic}
     uint G1ConcRefinementThreads                  = 4                                         {product} {ergonomic}
   size_t G1HeapRegionSize                         = 1048576                                   {product} {ergonomic}
    uintx GCDrainStackTargetSize                   = 64                                        {product} {ergonomic}
   size_t InitialHeapSize                          = 165675008                                 {product} {ergonomic}
   size_t MarkStackSize                            = 4194304                                   {product} {ergonomic}
   size_t MaxHeapSize                              = 2147483648                                {product} {command line}
   size_t MaxNewSize                               = 1287651328                                {product} {ergonomic}
   size_t MinHeapDeltaBytes                        = 1048576                                   {product} {ergonomic}
    uintx NonNMethodCodeHeapSize                   = 5830732                                {pd product} {ergonomic}
    uintx NonProfiledCodeHeapSize                  = 122913754                              {pd product} {ergonomic}
    uintx ProfiledCodeHeapSize                     = 122913754                              {pd product} {ergonomic}
    uintx ReservedCodeCacheSize                    = 251658240                              {pd product} {ergonomic}
     bool SegmentedCodeCache                       = true                                      {product} {ergonomic}
     bool UseCompressedClassPointers               = true                                 {lp64_product} {ergonomic}
     bool UseCompressedOops                        = true                                 {lp64_product} {ergonomic}
     bool UseG1GC                                  = true                                      {product} {ergonomic}
     bool UseLargePagesIndividualAllocation        = false                                  {pd product} {ergonomic}

Logging:
Log output configuration:
 #0: stdout all=warning uptime,level,tags
 #1: stderr all=off uptime,level,tags

Environment Variables:
PATH=C:\WINDOWS\system32;C:\WINDOWS;C:\WINDOWS\System32\Wbem;C:\WINDOWS\System32\WindowsPowerShell\v1.0\;C:\WINDOWS\System32\OpenSSH\;C:\Program Files (x86)\Intel\OpenCL SDK\2.0\bin\x86;C:\Program Files (x86)\Intel\OpenCL SDK\2.0\bin\x64;C:\Program Files\dotnet\;C:\ProgramData\ComposerSetup\bin;C:\xampp2\php;C:\Program Files\Microsoft SQL Server\130\Tools\Binn\;C:\Program Files\Microsoft SQL Server\Client SDK\ODBC\170\Tools\Binn\;C:\Program Files (x86)\dotnet\;C:\Program Files\Microsoft VS Code\bin;C:\Program Files\MySQL\MySQL Shell 8.0\bin\;C:\Users\Eddo Yulianda\AppData\Local\Microsoft\WindowsApps;C:\Users\Eddo Yulianda\.dotnet\tools;C:\Users\Eddo Yulianda\AppData\Roaming\Composer\vendor\bin;
USERNAME=Eddo Yulianda
OS=Windows_NT
PROCESSOR_IDENTIFIER=Intel64 Family 6 Model 42 Stepping 7, GenuineIntel



---------------  S Y S T E M  ---------------

OS: Windows 10 , 64 bit Build 19041 (10.0.19041.1348)
OS uptime: 0 days 5:29 hours

CPU:total 4 (initial active 4) (2 cores per cpu, 2 threads per core) family 6 model 42 stepping 7 microcode 0x2f, cmov, cx8, fxsr, mmx, sse, sse2, sse3, ssse3, sse4.1, sse4.2, popcnt, avx, aes, clmul, ht, tsc, tscinvbit

Memory: 4k page, system-wide physical 10086M (619M free)
TotalPageFile size 10086M (AvailPageFile size 23M)
current process WorkingSet (physical memory assigned to process): 641M, peak: 642M
current process commit charge ("private bytes"): 674M, peak: 726M

vm_info: OpenJDK 64-Bit Server VM (11.0.10+0-b96-7249189) for windows-amd64 JRE (11.0.10+0-b96-7249189), built on Mar 31 2021 21:44:00 by "builder" with MS VC++ 14.0 (VS2015)

END.
